MPASM  5.51                    TEMPSENSOR.ASM   11-18-2022  9:39:55         PAGE  1


LOC  OBJECT CODE     LINE SOURCE TEXT
  VALUE

                      00001 ; PLANTILLA DE PROGRAMA PARA TRABAJAR CON LA TARJETA MIUVA 18F45K50
                      00002 ; CON OSCILADOR EXTERNO TRABAJANDO A 12 MHz
Warning[205]: Found directive in column 1. (LIST)
                      00003 LIST p=18F45K50
                      00004 #include <P18F45K50.inc>
                      00001         LIST
                      00002 
                      00003 ;==========================================================================
                      00004 ;  MPASM PIC18F45K50 processor include
                      00005 ; 
                      00006 ;  (c) Copyright 1999-2013 Microchip Technology, All rights reserved
                      00007 ;==========================================================================
                      00008 
                      02337         LIST
                      00005 
                      00006 ;;;;;;;;;;;;;;;;;;;;;;;;;;;;;;;;;;;;;;;;;;;;;;
                      00007 ;------- BITS DE CONFIGURACION --------------;
                      00008 ;;;;;;;;;;;;;;;;;;;;;;;;;;;;;;;;;;;;;;;;;;;;;;
                      00009 
                      00010 ; CONFIG1L
                      00011   CONFIG  PLLSEL = PLL3X        ; PLL Selection (4x clock multiplier)
                      00012   CONFIG  CFGPLLEN = OFF        ; PLL Enable Configuration bit (PLL Disabled (firmware controlled))
                      00013   CONFIG  CPUDIV = NOCLKDIV     ; CPU System Clock Postscaler (CPU uses system clock (no divide))
                      00014   CONFIG  LS48MHZ = SYS24X4     ; Low Speed USB mode with 48 MHz system clock (System clock at 24 MHz, U
                            SB clock divider is set to 4)
                      00015 
                      00016 ; CONFIG1H
                      00017   CONFIG  FOSC = HSM     ; Oscillator Selection (Internal oscillator, clock output on OSC2)
                      00018   CONFIG  PCLKEN = ON           ; Primary Oscillator Shutdown (Primary oscillator enabled)
                      00019   CONFIG  FCMEN = OFF           ; Fail-Safe Clock Monitor (Fail-Safe Clock Monitor disabled)
                      00020   CONFIG  IESO = OFF            ; Internal/External Oscillator Switchover (Oscillator Switchover mode di
                            sabled)
                      00021 
                      00022 ; CONFIG2L
                      00023   CONFIG  nPWRTEN = ON         ; Power-up Timer Enable (Power up timer disabled)
                      00024   CONFIG  BOREN = OFF           ; Brown-out Reset Enable (BOR disabled in hardware (SBOREN is ignored))
                      00025   CONFIG  BORV = 190            ; Brown-out Reset Voltage (BOR set to 1.9V nominal)
                      00026   CONFIG  nLPBOR = OFF          ; Low-Power Brown-out Reset (Low-Power Brown-out Reset disabled)
                      00027 
                      00028 ; CONFIG2H
                      00029   CONFIG  WDTEN = OFF           ; Watchdog Timer Enable bits (WDT disabled in hardware (SWDTEN ignored))
                      00030   CONFIG  WDTPS = 32768         ; Watchdog Timer Postscaler (1:32768)
                      00031 
                      00032 ; CONFIG3H
                      00033   CONFIG  CCP2MX = RC1          ; CCP2 MUX bit (CCP2 input/output is multiplexed with RC1)
                      00034   CONFIG  PBADEN = OFF          ; PORTB A/D Enable bit (PORTB<5:0> pins are configured as digital I/O on
                             Reset)
                      00035   CONFIG  T3CMX = RC0           ; Timer3 Clock Input MUX bit (T3CKI function is on RC0)
                      00036   CONFIG  SDOMX = RC7           ; SDO Output MUX bit (SDO function is on RB3)
                      00037   CONFIG  MCLRE = ON           ; Master Clear Reset Pin Enable (RE3 input pin enabled; external MCLR dis
                            abled)
                      00038 
                      00039 ; CONFIG4L
MPASM  5.51                    TEMPSENSOR.ASM   11-18-2022  9:39:55         PAGE  2


LOC  OBJECT CODE     LINE SOURCE TEXT
  VALUE

                      00040   CONFIG  STVREN = ON          ; Stack Full/Underflow Reset (Stack full/underflow will not cause Reset)
                      00041   CONFIG  LVP = OFF             ; Single-Supply ICSP Enable bit (Single-Supply ICSP disabled)
                      00042   CONFIG  ICPRT = OFF           ; Dedicated In-Circuit Debug/Programming Port Enable (ICPORT disabled)
                      00043   CONFIG  XINST = OFF           ; Extended Instruction Set Enable bit (Instruction set extension and Ind
                            exed Addressing mode disabled)
                      00044 
                      00045 ; CONFIG5L
                      00046   CONFIG  CP0 = OFF             ; Block 0 Code Protect (Block 0 is not code-protected)
                      00047   CONFIG  CP1 = OFF             ; Block 1 Code Protect (Block 1 is not code-protected)
                      00048   CONFIG  CP2 = OFF             ; Block 2 Code Protect (Block 2 is not code-protected)
                      00049   CONFIG  CP3 = OFF             ; Block 3 Code Protect (Block 3 is not code-protected)
                      00050 
                      00051 ; CONFIG5H
                      00052   CONFIG  CPB = OFF             ; Boot Block Code Protect (Boot block is not code-protected)
                      00053   CONFIG  CPD = OFF             ; Data EEPROM Code Protect (Data EEPROM is not code-protected)
                      00054 
                      00055 ; CONFIG6L
                      00056   CONFIG  WRT0 = OFF            ; Block 0 Write Protect (Block 0 (0800-1FFFh) is not write-protected)
                      00057   CONFIG  WRT1 = OFF            ; Block 1 Write Protect (Block 1 (2000-3FFFh) is not write-protected)
                      00058   CONFIG  WRT2 = OFF            ; Block 2 Write Protect (Block 2 (04000-5FFFh) is not write-protected)
                      00059   CONFIG  WRT3 = OFF            ; Block 3 Write Protect (Block 3 (06000-7FFFh) is not write-protected)
                      00060 
                      00061 ; CONFIG6H
                      00062   CONFIG  WRTC = OFF            ; Configuration Registers Write Protect (Configuration registers (300000
                            -3000FFh) are not write-protected)
                      00063   CONFIG  WRTB = OFF            ; Boot Block Write Protect (Boot block (0000-7FFh) is not write-protecte
                            d)
                      00064   CONFIG  WRTD = OFF            ; Data EEPROM Write Protect (Data EEPROM is not write-protected)
                      00065 
                      00066 ; CONFIG7L
                      00067   CONFIG  EBTR0 = OFF           ; Block 0 Table Read Protect (Block 0 is not protected from table reads 
                            executed in other blocks)
                      00068   CONFIG  EBTR1 = OFF           ; Block 1 Table Read Protect (Block 1 is not protected from table reads 
                            executed in other blocks)
                      00069   CONFIG  EBTR2 = OFF           ; Block 2 Table Read Protect (Block 2 is not protected from table reads 
                            executed in other blocks)
                      00070   CONFIG  EBTR3 = OFF           ; Block 3 Table Read Protect (Block 3 is not protected from table reads 
                            executed in other blocks)
                      00071 
                      00072 ; CONFIG7H
                      00073   CONFIG  EBTRB = OFF           ; Boot Block Table Read Protect (Boot block is not protected from table 
                            reads executed in other blocks)
                      00074 
                      00075 ;;;;;;;;;;;;;;;;;;;;;;;;;;;;;;;;;;;;;;;;;;;
                      00076 ;------- Declaracion de variables --------;
                      00077 ;;;;;;;;;;;;;;;;;;;;;;;;;;;;;;;;;;;;;;;;;;;
                      00078         CBLOCK 0X000
  00000000            00079         MILLAR
  00000001            00080         CENTENA
  00000002            00081         DECENA 
  00000003            00082         UNIDAD
  00000004            00083         COUNT
  00000005            00084         D1
MPASM  5.51                    TEMPSENSOR.ASM   11-18-2022  9:39:55         PAGE  3


LOC  OBJECT CODE     LINE SOURCE TEXT
  VALUE

  00000006            00085         D2
  00000007            00086         D3
  00000008            00087         D4
  00000009            00088         CH
  0000000A            00089         CL      
  0000000B            00090         DETECTOR
  0000000C            00091         TEMP
  0000000D            00092         CAMBIO
  0000000E            00093         CARACTER
  0000000F            00094         COUNTER
                      00095         ENDC
                      00096         #DEFINE RS LATD,5
                      00097         #DEFINE EN LATD,4
                      00098 ;;;;;;;;;;;;;;;;;;;;;;;;;;;;;;;;;;;;;;;;;;
                      00099 ;------ INICIO DE PROGRAMA PRINCIPAL ----;
                      00100 ;;;;;;;;;;;;;;;;;;;;;;;;;;;;;;;;;;;;;;;;;;      
                      00101         org     0X0000
000000 EF?? F???      00102         goto    start
                      00103 
                      00104 ;======================================================================================
                      00105 ; SECCION DE CONFIGURACION POR SOFTWARE
000004                00106 start    
000004 0E0F           00107         MOVLW   H'0F'
000006 6EC1           00108         MOVWF   ADCON1
                      00109 
                      00110 
                      00111 ;======================================================================================
                      00112 
                      00113 ; CONFIGURACION DE PUERTOS
000008 010F           00114         MOVLB   0XF
00000A 6A89           00115         CLRF    LATA
00000C 6B5B           00116         CLRF    ANSELA
00000E 815B           00117         BSF             ANSELA,0
000010 6A92           00118         CLRF    TRISA
000012 8092           00119         BSF             TRISA,0
000014 010F           00120         MOVLB   0XF
000016 6AC2           00121         CLRF    ADCON0
000018 80C2           00122         BSF             ADCON0,0 ;SE SELCCIONA EL AN0 Y SE HABILITA EL ADC
00001A 6AC1           00123         CLRF    ADCON1  ;SE DEJAN LAS REFERENCIAS INTERNAS
00001C 6AC0           00124         CLRF    ADCON2  ;SE DEJA UN TAD DE 0
00001E 8EC0           00125         BSF             ADCON2,7        ;JUSTIFICADO A LA DERECHA
000020 94C0           00126         BCF             ADCON2,2
000022 82C0           00127         BSF             ADCON2,1
000024 90C0           00128         BCF             ADCON2,0        ;FOSC/32
                      00129         
                      00130 
000026 6A8C           00131         CLRF    LATD
000028 6B5E           00132         CLRF    ANSELD
00002A 6A95           00133         CLRF    TRISD
                      00134 
                      00135 
                      00136 ;INICIALIZACION DE LAS INTERRUPCIONES
00002C 9AF2           00137         BCF INTCON,TMR0IE
MPASM  5.51                    TEMPSENSOR.ASM   11-18-2022  9:39:55         PAGE  4


LOC  OBJECT CODE     LINE SOURCE TEXT
  VALUE

00002E 94F2           00138         BCF     INTCON,TMR0IF
000030 8ED5           00139         BSF     T0CON,TMR0ON    ;HABILITAR EL TIMER 0
000032 9CD5           00140         BCF     T0CON,T08BIT    ;ACTIVAR EL MODO DE 16 BITS
000034 8AD5           00141         BSF     T0CON,T0CS              ;INHABILITA EL RELOJ INTERNO COMO CONTADOR
000036 98D5           00142         BCF     T0CON,T0SE              ;SE SELECCIONA UN FILO DE SUBIDA 
000038 86D5           00143         BSF     T0CON,PSA               ;SE INHABILITA EL PREESCALADOR
                      00144 ;fin de configuacion
                      00145         
                      00146 ;======================================================================================
                      00147 ; PROGRAMA PRINCIPAL
00003A EC?? F???      00148         CALL    LCD_SETUP
00003E                00149 LOOP
00003E 6A00           00150         CLRF    MILLAR
000040 6A01           00151         CLRF    CENTENA
000042 6A02           00152         CLRF    DECENA
000044 6A03           00153         CLRF    UNIDAD
000046 6A09           00154         CLRF    CH
000048 6A0A           00155         CLRF    CL
00004A 6AD7           00156         CLRF    TMR0H
00004C 6AD6           00157         CLRF    TMR0L
00004E 6A04           00158         CLRF    COUNT
000050                00159 PROM
000050 82C2           00160         BSF             ADCON0,GO
000052                00161 TEST
000052 B2C2           00162         BTFSC   ADCON0,GO
000054 EF?? F???      00163         GOTO    TEST
000058 0E31           00164         MOVLW   0X31
00005A 6E04           00165         MOVWF   COUNT
00005C 90D8           00166         BCF             STATUS,C
00005E                00167 SUMA1
00005E 50C3           00168         MOVF    ADRESL,W
000060 220A           00169         ADDWFC  CL,F
000062 50C4           00170         MOVF    ADRESH,W
000064 2209           00171         ADDWFC  CH,F
000066 90D8           00172         BCF             STATUS,C
000068 2E04           00173         DECFSZ  COUNT
00006A EF?? F???      00174         GOTO    SUMA1
                      00175 
00006E 0EC3           00176         MOVLW   0XC3
000070 5CC4           00177         SUBWf   ADRESH,W
000072 6EC4           00178         MOVWF   ADRESH
000074 0E50           00179         MOVLW   0X50
000076 5CC3           00180         SUBWf   ADRESL,W
000078 6EC3           00181         MOVWF   ADRESL
                      00182 
00007A EC?? F???      00183         CALL    B2BCD
00007E EC?? F???      00184         CALL    LCD_RETURN_HOME
000082 4400           00185         RLNCF   MILLAR,W
000084 EC?? F???      00186         CALL    NUMEROS
000088 EC?? F???      00187         CALL    LCD_CARACTER
00008C 4401           00188         RLNCF   CENTENA,W
00008E EC?? F???      00189         CALL    NUMEROS
000092 EC?? F???      00190         CALL    LCD_CARACTER
MPASM  5.51                    TEMPSENSOR.ASM   11-18-2022  9:39:55         PAGE  5


LOC  OBJECT CODE     LINE SOURCE TEXT
  VALUE

000096 0E2E           00191         MOVLW   '.'
000098 EC?? F???      00192         CALL    LCD_CARACTER
00009C 4402           00193         RLNCF   DECENA,W
00009E EC?? F???      00194         CALL    NUMEROS
0000A2 EC?? F???      00195         CALL    LCD_CARACTER
0000A6 4403           00196         RLNCF   UNIDAD,W
0000A8 EC?? F???      00197         CALL    NUMEROS
0000AC EC?? F???      00198         CALL    LCD_CARACTER
0000B0 0EDF           00199         MOVLW   0XDF
0000B2 EC?? F???      00200         CALL    LCD_CARACTER
0000B6 0E43           00201         MOVLW   'C'
0000B8 EC?? F???      00202         CALL    LCD_CARACTER
0000BC EC?? F???      00203         CALL    Delay
0000C0 EF?? F???      00204         GOTO    LOOP
0000C4                00205 NUMEROS         
0000C4 26F9           00206         ADDWF   PCL,F
0000C6 0C30           00207         RETLW   '0'
0000C8 0C31           00208         RETLW   '1'
0000CA 0C32           00209         RETLW   '2'
0000CC 0C33           00210         RETLW   '3'
0000CE 0C34           00211         RETLW   '4'
0000D0 0C35           00212         RETLW   '5'
0000D2 0C36           00213         RETLW   '6'
0000D4 0C37           00214         RETLW   '7'
0000D6 0C38           00215         RETLW   '8'
0000D8 0C39           00216         RETLW   '9'
                      00217 
                      00218 #include<LCD_4.inc>
                      00001 
                      00002         CBLOCK
  00000010            00003         DATO_LCD
  00000011            00004         LCD_SAVED
                      00005         ENDC
                      00006 
                      00007 
0000DA                00008 LCD_SETUP
0000DA 988C           00009         BCF             EN
0000DC 9A8C           00010         BCF             RS
0000DE 6A95           00011         CLRF    TRISD
0000E0 EC?? F???      00012         CALL    Retardo_5ms
0000E4 0E03           00013         MOVLW   0X03
0000E6 EC?? F???      00014         CALL    LCD_COMANDO
0000EA EC?? F???      00015         CALL    Retardo_5ms     
0000EE 0E03           00016         MOVLW   0X03
0000F0 EC?? F???      00017         CALL    LCD_COMANDO
0000F4 EC?? F???      00018         CALL    Retardo_50us
0000F8 EC?? F???      00019         CALL    Retardo_50us
0000FC EC?? F???      00020         CALL    Retardo_50us
000100 0E03           00021         MOVLW   0X03
000102 EC?? F???      00022         CALL    LCD_COMANDO
000106 0E02           00023         MOVLW   0X02
000108 EC?? F???      00024         CALL    LCD_COMANDO
00010C EC?? F???      00025         CALL    LCD_2LINEAS
MPASM  5.51                    TEMPSENSOR.ASM   11-18-2022  9:39:55         PAGE  6


LOC  OBJECT CODE     LINE SOURCE TEXT
  VALUE

000110 EC?? F???      00026         CALL    DISPLAY_ON
000114 EC?? F???      00027         CALL    LCD_BORRA
000118 0012           00028         RETURN
00011A                00029 LCD_RETURN_HOME
00011A 0E02           00030         MOVLW   0X02
00011C EF?? F???      00031         GOTO    LCD_SET
000120                00032 LCD_DECR
000120 0E04           00033         MOVLW   0X04
000122 EF?? F???      00034         GOTO    LCD_SET
000126                00035 LCD_LINEA1
000126 0E10           00036         MOVLW   0X10
000128 EF?? F???      00037         GOTO    LCD_SET
00012C                00038 LCD_LINEA2
00012C 0EC0           00039         MOVLW   0XC0
00012E EF?? F???      00040         GOTO    LCD_SET
000132                00041 LCD_CURSORON
000132 0E0E           00042         MOVLW   0X0E
000134 EF?? F???      00043         GOTO    LCD_SET
000138                00044 LCD_INCR
000138 0E06           00045         MOVLW   0X06
00013A EF?? F???      00046         GOTO    LCD_SET
00013E                00047 LCD_BORRA
00013E 0E01           00048         MOVLW   0X01
000140 EF?? F???      00049         GOTO    LCD_SET
000144                00050 DISPLAY_ON
000144 0E0C           00051         MOVLW   0X0C
000146 EF?? F???      00052         GOTO    LCD_SET
00014A                00053 LCD_2LINEAS     
00014A 0E28           00054         MOVLW   0X28
00014C EF?? F???      00055         GOTO    LCD_SET
                      00056 
000150                00057 LCD_SET
000150 6E11           00058         MOVWF   LCD_SAVED
000152 3811           00059         SWAPF   LCD_SAVED,W
000154 6E11           00060         MOVWF   LCD_SAVED
000156 5011           00061         MOVF    LCD_SAVED,W
000158 EC?? F???      00062         CALL    LCD_COMANDO
00015C 3811           00063         SWAPF   LCD_SAVED,W
00015E EC?? F???      00064         CALL    LCD_COMANDO
000162 0012           00065         RETURN
000164                00066 LCD_COMANDO
000164 0B0F           00067         ANDLW   B'00001111'     
000166 6E10           00068         MOVWF   DATO_LCD
000168 508C           00069         MOVF    LATD,W
00016A 0BF0           00070         ANDLW   B'11110000'
00016C 1010           00071         IORWF   DATO_LCD,W
00016E 6E8C           00072         MOVWF   LATD
000170 EC?? F???      00073         CALL    ENABLE
000174 0012           00074         RETURN
                      00075 
000176                00076 ENABLE
                      00077         ;CALL   Retardo_2ms
000176 888C           00078         BSF     EN
MPASM  5.51                    TEMPSENSOR.ASM   11-18-2022  9:39:55         PAGE  7


LOC  OBJECT CODE     LINE SOURCE TEXT
  VALUE

000178 EC?? F???      00079         CALL    Retardo_2ms
00017C 988C           00080         BCF     EN
00017E 0012           00081         RETURN
                      00082 
000180                00083 LCD_CARACTER
000180 8A8C           00084         BSF             RS
000182 EC?? F???      00085         CALL    LCD_SET
                      00086         ;CALL   Delay
000186 9A8C           00087         BCF             RS
000188 0012           00088         RETURN
00018A                00089 Retardo_5ms     ;14993 cycles ////////////////////////////////////////////////
00018A 0EB6           00090         movlw   0xB6
00018C 6E05           00091         movwf   D1
00018E 0E0C           00092         movlw   0x0C
000190 6E06           00093         movwf   D2
000192                00094 Retardo_5ms_0
000192 2E05           00095         decfsz  D1, f
000194 EF?? F???      00096         goto    S15ms
000198 2E06           00097         decfsz  D2, f
00019A EF?? F???      00098 S15ms   goto    Retardo_5ms_0
                      00099                         ;3 cycles
00019E EF?? F???      00100         goto    S25ms
0001A2 0000           00101         nop
0001A4                00102 S25ms           ;4 cycles (including call)
0001A4 0012           00103         return
                      00104 
0001A6                00105 Retardo_2ms ;5993 cycles //////////////////////////////////////////////
0001A6 0EAE           00106         movlw   0xAE
0001A8 6E05           00107         movwf   D1
0001AA 0E05           00108         movlw   0x05
0001AC 6E06           00109         movwf   D2
0001AE                00110 Retardo_2ms_0
0001AE 2E05           00111         decfsz  D1, f
0001B0 EF?? F???      00112         goto    S12ms
0001B4 2E06           00113         decfsz  D2, f
0001B6 EF?? F???      00114 S12ms   goto    Retardo_2ms_0
                      00115 
                      00116                         ;3 cycles
0001BA EF?? F???      00117         goto    S22ms
0001BE 0000           00118         nop
0001C0                00119 S22ms                   ;4 cycles (including call)
0001C0 0012           00120         return
                      00121 
0001C2                00122 Delay   ;1499993 cycles ////////////////////////////////////////////
0001C2 0E0C           00123         movlw   0x0C
0001C4 6E05           00124         movwf   D1
0001C6 0E46           00125         movlw   0x46
0001C8 6E06           00126         movwf   D2
0001CA 0E04           00127         movlw   0x04
0001CC 6E07           00128         movwf   D3
0001CE                00129 Retardo_500ms_0
0001CE 2E05           00130         decfsz  D1, f
0001D0 EF?? F???      00131         goto    S1500ms
MPASM  5.51                    TEMPSENSOR.ASM   11-18-2022  9:39:55         PAGE  8


LOC  OBJECT CODE     LINE SOURCE TEXT
  VALUE

0001D4 2E06           00132         decfsz  D2, f
0001D6 EF?? F???      00133 S1500ms goto    S2500ms
0001DA 2E07           00134         decfsz  D3, f
0001DC EF?? F???      00135 S2500ms goto    Retardo_500ms_0
                      00136                         ;3 cycles
0001E0 EF?? F???      00137         goto    S3500ms
0001E4 0000           00138         nop
0001E6                00139 S3500ms                 ;4 cycles (including call)
0001E6 0012           00140         return
0001E8                00141 Retardo_20ms    ;59993 cycles ////////////////////////////////////////////////
0001E8 0EDE           00142         movlw   0xDE
0001EA 6E05           00143         movwf   D1
0001EC 0E2F           00144         movlw   0x2F
0001EE 6E06           00145         movwf   D2
0001F0                00146 Retardo_20ms_0
0001F0 2E05           00147         decfsz  D1, f
0001F2 EF?? F???      00148         goto    S120ms
0001F6 2E06           00149         decfsz  D2, f
0001F8 EF?? F???      00150 S120ms  goto    Retardo_20ms_0
                      00151                         ;3 cycles
0001FC EF?? F???      00152         goto    S220ms
000200 0000           00153         nop
000202                00154 S220ms
000202 0012           00155     Return
000204                00156 Retardo_50us    ;145 cycles /////////////////////////////////////////////////
000204 0E30           00157         movlw   0x30
000206 6E05           00158         movwf   D1
000208                00159 Retardo_50us_0
000208 2E05           00160         decfsz  D1, f
00020A EF?? F???      00161         goto    Retardo_50us_0
                      00162                         ;1 cycle
00020E 0000           00163         nop
                      00164                         ;4 cycles (including call)
000210 0012           00165         return
                      00219 #INCLUDE<B2BCD.inc>
                      00001         CBLOCK 
                      00002 
                      00003         ENDC
                      00004 
                      00005 ;SUBRUTINA
000212                00006 B2BCD
000212 500A           00007         MOVF    CL,W
000214 6E03           00008         MOVWF   UNIDAD
                      00009 
000216                00010 SL1     
000216 0E0A           00011         MOVLW   D'10'
000218 5C03           00012         SUBWF   UNIDAD,W
00021A E3??           00013         BNC             SL2
00021C 2A02           00014         INCF    DECENA
00021E 6E03           00015         MOVWF   UNIDAD
000220 EF?? F???      00016         GOTO    SL1
                      00017         
000224 0E0A           00018 SL2     MOVLW   D'10'
MPASM  5.51                    TEMPSENSOR.ASM   11-18-2022  9:39:55         PAGE  9


LOC  OBJECT CODE     LINE SOURCE TEXT
  VALUE

000226 5C02           00019         SUBWF   DECENA,W
000228 E3??           00020         BNC             SL3
00022A 2A01           00021         INCF    CENTENA
00022C 6E02           00022         MOVWF   DECENA
00022E EF?? F???      00023         GOTO    SL2
                      00024         
000232 0E0A           00025 SL3     MOVLW   D'10'
000234 5C01           00026         SUBWF   CENTENA,W
000236 E3??           00027         BNC             SL4
000238 2A00           00028         INCF    MILLAR
00023A 6E01           00029         MOVWF   CENTENA
00023C EF?? F???      00030         GOTO    SL3
000240                00031 SL4
000240 0E00           00032         MOVLW   0X00
000242 6209           00033         CPFSEQ  CH      
000244 EF?? F???      00034         GOTO    RESTART
000248 EF?? F???      00035         GOTO    ENDB2BCD
00024C                00036 RESTART
00024C 0EF6           00037         MOVLW   0XF6
00024E 2603           00038         ADDWF   UNIDAD
000250 2A02           00039         INCF    DECENA
000252 0609           00040         DECF    CH
000254 EF?? F???      00041         GOTO    SL1
000258                00042 ENDB2BCD
                      00043 
000258 0012           00044         RETURN
                      00220         END
MPASM  5.51                    TEMPSENSOR.ASM   11-18-2022  9:39:55         PAGE 10


SYMBOL TABLE
  LABEL                             VALUE 

A                                 00000000
ABDEN                             00000000
ABDOVF                            00000007
ACCESS                            00000000
ACKDT                             00000005
ACKEN                             00000004
ACKSTAT                           00000006
ACKTIM                            00000007
ACQT0                             00000003
ACQT1                             00000004
ACQT2                             00000005
ACTCON                            00000FB5
ACTD                              00000006
ACTEN                             00000007
ACTIE                             00000007
ACTIF                             00000007
ACTIP                             00000007
ACTLOCK                           00000003
ACTMD                             00000004
ACTOR                             00000001
ACTORS                            00000001
ACTSEL                            00000007
ACTSRC                            00000004
ACTUD                             00000006
ACTVIE                            00000002
ACTVIF                            00000002
ADCMD                             00000002
ADCON0                            00000FC2
ADCON1                            00000FC1
ADCON2                            00000FC0
ADCS0                             00000000
ADCS1                             00000001
ADCS2                             00000002
ADDEN                             00000003
ADDR0                             00000000
ADDR1                             00000001
ADDR2                             00000002
ADDR3                             00000003
ADDR4                             00000004
ADDR5                             00000005
ADDR6                             00000006
ADEN                              00000003
ADFM                              00000007
ADIE                              00000006
ADIF                              00000006
ADIP                              00000006
ADON                              00000000
ADRESH                            00000FC4
ADRESL                            00000FC3
AHEN                              00000001
AN0                               00000000
AN1                               00000001
AN2                               00000002
MPASM  5.51                    TEMPSENSOR.ASM   11-18-2022  9:39:55         PAGE 11


SYMBOL TABLE
  LABEL                             VALUE 

AN3                               00000003
AN4                               00000005
ANSA0                             00000000
ANSA1                             00000001
ANSA2                             00000002
ANSA3                             00000003
ANSA5                             00000005
ANSB0                             00000000
ANSB1                             00000001
ANSB2                             00000002
ANSB3                             00000003
ANSB4                             00000004
ANSB5                             00000005
ANSC2                             00000002
ANSC6                             00000006
ANSC7                             00000007
ANSD0                             00000000
ANSD1                             00000001
ANSD2                             00000002
ANSD3                             00000003
ANSD4                             00000004
ANSD5                             00000005
ANSD6                             00000006
ANSD7                             00000007
ANSE0                             00000000
ANSE1                             00000001
ANSE2                             00000002
ANSELA                            00000F5B
ANSELB                            00000F5C
ANSELC                            00000F5D
ANSELD                            00000F5E
ANSELE                            00000F5F
B2BCD                             00000212
BANKED                            00000001
BAUDCON                           00000FB8
BAUDCON1                          00000FB8
BCL1IE                            00000003
BCL1IF                            00000003
BCL1IP                            00000003
BCLIE                             00000003
BCLIF                             00000003
BCLIP                             00000003
BF                                00000000
BGVST                             00000006
BOEN                              00000004
BOR                               00000000
BRG0                              00000000
BRG1                              00000001
BRG10                             00000002
BRG11                             00000003
BRG12                             00000004
BRG13                             00000005
BRG14                             00000006
MPASM  5.51                    TEMPSENSOR.ASM   11-18-2022  9:39:55         PAGE 12


SYMBOL TABLE
  LABEL                             VALUE 

BRG15                             00000007
BRG16                             00000003
BRG2                              00000002
BRG3                              00000003
BRG4                              00000004
BRG5                              00000005
BRG6                              00000006
BRG7                              00000007
BRG8                              00000000
BRG9                              00000001
BRGH                              00000002
BSR                               00000FE0
BTOEE                             00000004
BTOEF                             00000004
BTSEE                             00000007
BTSEF                             00000007
C                                 00000000
C1CH0                             00000000
C1CH1                             00000001
C1HYS                             00000003
C1IE                              00000006
C1IF                              00000006
C1IP                              00000006
C1OE                              00000005
C1ON                              00000007
C1OUT                             00000006
C1POL                             00000004
C1R                               00000002
C1RSEL                            00000005
C1SP                              00000003
C1SYNC                            00000001
C1TSEL                            00000000
C2CH0                             00000000
C2CH1                             00000001
C2HYS                             00000002
C2IE                              00000005
C2IF                              00000005
C2IP                              00000005
C2OE                              00000005
C2ON                              00000007
C2OUT                             00000006
C2POL                             00000004
C2R                               00000002
C2RSEL                            00000004
C2SP                              00000003
C2SYNC                            00000000
C2TSEL                            00000003
CAMBIO                            0000000D
CARACTER                          0000000E
CCH0                              00000000
CCH1                              00000001
CCP1                              00000002
CCP1ASE                           00000007
MPASM  5.51                    TEMPSENSOR.ASM   11-18-2022  9:39:55         PAGE 13


SYMBOL TABLE
  LABEL                             VALUE 

CCP1CON                           00000FBD
CCP1IE                            00000002
CCP1IF                            00000002
CCP1IP                            00000002
CCP1M0                            00000000
CCP1M1                            00000001
CCP1M2                            00000002
CCP1M3                            00000003
CCP1MD                            00000000
CCP1X                             00000005
CCP1Y                             00000004
CCP2CON                           00000F97
CCP2IE                            00000000
CCP2IF                            00000000
CCP2IP                            00000000
CCP2M0                            00000000
CCP2M1                            00000001
CCP2M2                            00000002
CCP2M3                            00000003
CCP2MD                            00000001
CCP2X                             00000005
CCP2Y                             00000004
CCPR1                             00000FBE
CCPR1H                            00000FBF
CCPR1L                            00000FBE
CCPR2                             00000F90
CCPR2H                            00000F91
CCPR2L                            00000F90
CCPTMRS                           00000F59
CENTENA                           00000001
CFGS                              00000006
CH                                00000009
CK                                00000006
CK1SPP                            00000000
CK2SPP                            00000001
CKE                               00000006
CKP                               00000004
CKTXP                             00000004
CL                                0000000A
CM1CON0                           00000F98
CM1IE                             00000006
CM1IF                             00000006
CM1IP                             00000006
CM2CON0                           00000F99
CM2CON1                           00000F9A
CM2IE                             00000005
CM2IF                             00000005
CM2IP                             00000005
CMP1MD                            00000003
CMP2MD                            00000004
COE                               00000005
CON                               00000007
COUNT                             00000004
MPASM  5.51                    TEMPSENSOR.ASM   11-18-2022  9:39:55         PAGE 14


SYMBOL TABLE
  LABEL                             VALUE 

COUNTER                           0000000F
COUT1                             00000006
COUT2                             00000006
CPOL                              00000004
CRC16EE                           00000002
CRC16EF                           00000002
CRC5EE                            00000001
CRC5EF                            00000001
CREF                              00000002
CREN                              00000004
CSRC                              00000007
CTMUCON0                          00000F8F
CTMUCON1                          00000F8E
CTMUCONH                          00000F8F
CTMUCONL                          00000F8E
CTMUEN                            00000007
CTMUICON                          00000F88
CTMUIE                            00000003
CTMUIF                            00000003
CTMUIP                            00000003
CTMUMD                            00000005
CTMUSIDL                          00000005
CTTRIG                            00000000
D1                                00000005
D2                                00000006
D3                                00000007
D4                                00000008
DACEN                             00000007
DACLPS                            00000006
DACNSS                            00000000
DACOE                             00000005
DACPSS0                           00000002
DACPSS1                           00000003
DACR0                             00000000
DACR1                             00000001
DACR2                             00000002
DACR3                             00000003
DACR4                             00000004
DATO_LCD                          00000010
DC                                00000001
DC1B0                             00000004
DC1B1                             00000005
DC2B0                             00000004
DC2B1                             00000005
DDRA                              TRISA
DDRB                              TRISB
DDRC                              TRISC
DDRD                              TRISD
DDRE                              TRISE
DECENA                            00000002
DETECTOR                          0000000B
DFN8EE                            00000003
DFN8EF                            00000003
MPASM  5.51                    TEMPSENSOR.ASM   11-18-2022  9:39:55         PAGE 15


SYMBOL TABLE
  LABEL                             VALUE 

DHEN                              00000000
DIR                               00000002
DISPLAY_ON                        00000144
DONE                              00000001
DTRXP                             00000005
D_NOT_A                           00000005
Delay                             000001C2
ECCP1AS                           00000FB6
ECCP1AS0                          00000004
ECCP1AS1                          00000005
ECCP1AS2                          00000006
ECCP1ASE                          00000007
ECCP1CON                          00000FBD
ECCP1DEL                          00000FB7
ECCP2CON                          00000F97
EDG1POL                           00000004
EDG1SEL0                          00000002
EDG1SEL1                          00000003
EDG1STAT                          00000000
EDG2POL                           00000007
EDG2SEL0                          00000005
EDG2SEL1                          00000006
EDG2STAT                          00000001
EDGEN                             00000003
EDGSEQEN                          00000002
EEADR                             00000FA9
EECON1                            00000FA6
EECON2                            00000FA7
EEDATA                            00000FA8
EEIE                              00000004
EEIF                              00000004
EEIP                              00000004
EEPGD                             00000007
EN                                LATD,4
ENABLE                            00000176
ENDB2BCD                          00000258
ENDP0                             00000003
ENDP1                             00000004
ENDP2                             00000005
ENDP3                             00000006
EPCONDIS                          00000003
EPHSHK                            00000004
EPINEN                            00000001
EPOUTEN                           00000002
EPSTALL                           00000000
FAST                              00000001
FERR                              00000002
FLTS                              00000002
FREE                              00000004
FRM0                              00000000
FRM1                              00000001
FRM10                             00000002
FRM2                              00000002
MPASM  5.51                    TEMPSENSOR.ASM   11-18-2022  9:39:55         PAGE 16


SYMBOL TABLE
  LABEL                             VALUE 

FRM3                              00000003
FRM4                              00000004
FRM5                              00000005
FRM6                              00000006
FRM7                              00000007
FRM8                              00000000
FRM9                              00000001
FSEN                              00000002
FSR0                              00000000
FSR0H                             00000FEA
FSR0L                             00000FE9
FSR1                              00000001
FSR1H                             00000FE2
FSR1L                             00000FE1
FSR2                              00000002
FSR2H                             00000FDA
FSR2L                             00000FD9
FVREN                             00000007
FVRS0                             00000004
FVRS1                             00000005
FVRST                             00000006
GCEN                              00000007
GIE                               00000007
GIEH                              00000007
GIEL                              00000006
GIE_GIEH                          00000007
GO                                00000001
GO_NOT_DONE                       00000001
HFIOFR                            00000001
HFIOFS                            00000002
HLVDCON                           00000F9C
HLVDEN                            00000004
HLVDIE                            00000002
HLVDIF                            00000002
HLVDIN                            00000005
HLVDIP                            00000002
HLVDL0                            00000000
HLVDL1                            00000001
HLVDL2                            00000002
HLVDL3                            00000003
IDISSEN                           00000001
IDLEIE                            00000004
IDLEIF                            00000004
IDLEN                             00000007
INDF0                             00000FEF
INDF1                             00000FE7
INDF2                             00000FDF
INT0                              00000000
INT0E                             00000004
INT0F                             00000001
INT0IE                            00000004
INT0IF                            00000001
INT1                              00000001
MPASM  5.51                    TEMPSENSOR.ASM   11-18-2022  9:39:55         PAGE 17


SYMBOL TABLE
  LABEL                             VALUE 

INT1E                             00000003
INT1F                             00000000
INT1IE                            00000003
INT1IF                            00000000
INT1IP                            00000006
INT1P                             00000006
INT2                              00000002
INT2E                             00000004
INT2F                             00000001
INT2IE                            00000004
INT2IF                            00000001
INT2IP                            00000007
INT2P                             00000007
INTCON                            00000FF2
INTCON2                           00000FF1
INTCON3                           00000FF0
INTEDG0                           00000006
INTEDG1                           00000005
INTEDG2                           00000004
INTSRC                            00000005
IOCB                              00000F86
IOCB4                             00000004
IOCB5                             00000005
IOCB6                             00000006
IOCB7                             00000007
IOCC                              00000F87
IOCC0                             00000000
IOCC1                             00000001
IOCC2                             00000002
IOCC4                             00000004
IOCC5                             00000005
IOCC6                             00000006
IOCC7                             00000007
IOCIE                             00000003
IOCIF                             00000000
IOCIP                             00000000
IPEN                              00000007
IPR1                              00000F9F
IPR2                              00000FA2
IPR3                              00000FA5
IRCF0                             00000004
IRCF1                             00000005
IRCF2                             00000006
IRNG0                             00000000
IRNG1                             00000001
IRVST                             00000005
ITRIM0                            00000002
ITRIM1                            00000003
ITRIM2                            00000004
ITRIM3                            00000005
ITRIM4                            00000006
ITRIM5                            00000007
LATA                              00000F89
MPASM  5.51                    TEMPSENSOR.ASM   11-18-2022  9:39:55         PAGE 18


SYMBOL TABLE
  LABEL                             VALUE 

LATA0                             00000000
LATA1                             00000001
LATA2                             00000002
LATA3                             00000003
LATA4                             00000004
LATA5                             00000005
LATA6                             00000006
LATA7                             00000007
LATB                              00000F8A
LATB0                             00000000
LATB1                             00000001
LATB2                             00000002
LATB3                             00000003
LATB4                             00000004
LATB5                             00000005
LATB6                             00000006
LATB7                             00000007
LATC                              00000F8B
LATC0                             00000000
LATC1                             00000001
LATC2                             00000002
LATC4                             00000004
LATC5                             00000005
LATC6                             00000006
LATC7                             00000007
LATD                              00000F8C
LATD0                             00000000
LATD1                             00000001
LATD2                             00000002
LATD3                             00000003
LATD4                             00000004
LATD5                             00000005
LATD6                             00000006
LATD7                             00000007
LATE                              00000F8D
LATE0                             00000000
LATE1                             00000001
LATE2                             00000002
LCD_2LINEAS                       0000014A
LCD_BORRA                         0000013E
LCD_CARACTER                      00000180
LCD_COMANDO                       00000164
LCD_CURSORON                      00000132
LCD_DECR                          00000120
LCD_INCR                          00000138
LCD_LINEA1                        00000126
LCD_LINEA2                        0000012C
LCD_RETURN_HOME                   0000011A
LCD_SAVED                         00000011
LCD_SET                           00000150
LCD_SETUP                         000000DA
LFIOFS                            00000000
LOOP                              0000003E
MPASM  5.51                    TEMPSENSOR.ASM   11-18-2022  9:39:55         PAGE 19


SYMBOL TABLE
  LABEL                             VALUE 

LVDIE                             00000002
LVDIF                             00000002
LVDIN                             00000005
LVDIP                             00000002
MC1OUT                            00000007
MC2OUT                            00000006
MILLAR                            00000000
MSSP1MD                           00000006
MSSPMD                            00000006
N                                 00000004
NOT_BOR                           00000000
NOT_DONE                          00000001
NOT_PD                            00000002
NOT_POR                           00000001
NOT_RBPU                          00000007
NOT_RI                            00000004
NOT_T1DONE                        00000003
NOT_T1SYNC                        00000002
NOT_T3DONE                        00000003
NOT_T3SYNC                        00000002
NOT_TO                            00000003
NUMEROS                           000000C4
NVCFG0                            00000000
NVCFG1                            00000001
OERR                              00000001
OESPP                             00000002
ON                                00000007
OSC2                              00000006
OSCCON                            00000FD3
OSCCON2                           00000FD2
OSCFIE                            00000007
OSCFIF                            00000007
OSCFIP                            00000007
OSCTUNE                           00000F9B
OSTS                              00000003
OV                                00000003
P                                 00000004
P1A                               00000002
P1M0                              00000006
P1M1                              00000007
P1RSEN                            00000007
PC                                00000FF9
PCIE                              00000006
PCL                               00000FF9
PCLATH                            00000FFA
PCLATU                            00000FFB
PD                                00000002
PDC0                              00000000
PDC1                              00000001
PDC2                              00000002
PDC3                              00000003
PDC4                              00000004
PDC5                              00000005
MPASM  5.51                    TEMPSENSOR.ASM   11-18-2022  9:39:55         PAGE 20


SYMBOL TABLE
  LABEL                             VALUE 

PDC6                              00000006
PEIE                              00000006
PEIE_GIEL                         00000006
PEN                               00000002
PGC                               00000006
PGD                               00000007
PGM                               00000005
PIDEE                             00000000
PIDEF                             00000000
PIE1                              00000F9D
PIE2                              00000FA0
PIE3                              00000FA3
PIR1                              00000F9E
PIR2                              00000FA1
PIR3                              00000FA4
PKTDIS                            00000004
PLLEN                             00000004
PLLRDY                            00000007
PLUSW0                            00000FEB
PLUSW1                            00000FE3
PLUSW2                            00000FDB
PMD0                              00000F7E
PMD1                              00000F7F
POR                               00000001
PORTA                             00000F80
PORTB                             00000F81
PORTC                             00000F82
PORTD                             00000F83
PORTE                             00000F84
POSTDEC0                          00000FED
POSTDEC1                          00000FE5
POSTDEC2                          00000FDD
POSTINC0                          00000FEE
POSTINC1                          00000FE6
POSTINC2                          00000FDE
PPB0                              00000000
PPB1                              00000001
PPBI                              00000001
PPBRST                            00000006
PR1SEN                            00000007
PR2                               00000FBB
PREINC0                           00000FEC
PREINC1                           00000FE4
PREINC2                           00000FDC
PRISD                             00000002
PROD                              00000FF3
PRODH                             00000FF4
PRODL                             00000FF3
PROM                              00000050
PSA                               00000003
PSS1AC0                           00000002
PSS1AC1                           00000003
PSS1BD0                           00000000
MPASM  5.51                    TEMPSENSOR.ASM   11-18-2022  9:39:55         PAGE 21


SYMBOL TABLE
  LABEL                             VALUE 

PSS1BD1                           00000001
PSSAC0                            00000002
PSSAC1                            00000003
PSSBD0                            00000000
PSSBD1                            00000001
PSTR1CON                          00000FB9
PVCFG0                            00000002
PVCFG1                            00000003
PWM1CON                           00000FB7
RA0                               00000000
RA1                               00000001
RA2                               00000002
RA3                               00000003
RA4                               00000004
RA5                               00000005
RA6                               00000006
RA7                               00000007
RB0                               00000000
RB1                               00000001
RB2                               00000002
RB3                               00000003
RB4                               00000004
RB5                               00000005
RB6                               00000006
RB7                               00000007
RBPU                              00000007
RC0                               00000000
RC1                               00000001
RC1IE                             00000005
RC1IF                             00000005
RC1IP                             00000005
RC2                               00000002
RC4                               00000004
RC5                               00000005
RC6                               00000006
RC7                               00000007
RCEN                              00000003
RCIDL                             00000006
RCIE                              00000005
RCIF                              00000005
RCIP                              00000005
RCMT                              00000006
RCON                              00000FD0
RCREG                             00000FAE
RCREG1                            00000FAE
RCSTA                             00000FAB
RCSTA1                            00000FAB
RD                                00000000
RD0                               00000000
RD1                               00000001
RD16                              00000001
RD2                               00000002
RD3                               00000003
MPASM  5.51                    TEMPSENSOR.ASM   11-18-2022  9:39:55         PAGE 22


SYMBOL TABLE
  LABEL                             VALUE 

RD4                               00000004
RD5                               00000005
RD6                               00000006
RD7                               00000007
RE0                               00000000
RE1                               00000001
RE2                               00000002
RE3                               00000003
RESTART                           0000024C
RESUME                            00000002
RI                                00000004
RS                                LATD,5
RSEN                              00000001
RX                                00000007
RX9                               00000006
RX9D                              00000000
RXDTP                             00000005
R_NOT_W                           00000002
Retardo_20ms                      000001E8
Retardo_20ms_0                    000001F0
Retardo_2ms                       000001A6
Retardo_2ms_0                     000001AE
Retardo_500ms_0                   000001CE
Retardo_50us                      00000204
Retardo_50us_0                    00000208
Retardo_5ms                       0000018A
Retardo_5ms_0                     00000192
S                                 00000003
S120ms                            000001F8
S12ms                             000001B6
S1500ms                           000001D6
S15ms                             0000019A
S220ms                            00000202
S22ms                             000001C0
S2500ms                           000001DC
S25ms                             000001A4
S3500ms                           000001E6
SBCDE                             00000002
SBOREN                            00000006
SCIE                              00000005
SCKP                              00000004
SCS0                              00000000
SCS1                              00000001
SDAHT                             00000003
SE0                               00000005
SEN                               00000000
SENDB                             00000003
SIDL                              00000005
SL1                               00000216
SL2                               00000224
SL3                               00000232
SL4                               00000240
SLRA                              00000000
MPASM  5.51                    TEMPSENSOR.ASM   11-18-2022  9:39:55         PAGE 23


SYMBOL TABLE
  LABEL                             VALUE 

SLRB                              00000001
SLRC                              00000002
SLRCON                            00000F7A
SLRD                              00000003
SLRE                              00000004
SMP                               00000007
SOFIE                             00000006
SOFIF                             00000006
SOSCEN                            00000003
SOSCGO                            00000003
SOSCRUN                           00000006
SP0                               00000000
SP1                               00000001
SP2                               00000002
SP3                               00000003
SP4                               00000004
SPBRG                             00000FAF
SPBRG1                            00000FAF
SPBRGH                            00000FB0
SPBRGH1                           00000FB0
SPEN                              00000007
SPLLMULT                          00000007
SPP0                              00000000
SPP1                              00000001
SPP2                              00000002
SPP3                              00000003
SPP4                              00000004
SPP5                              00000005
SPP6                              00000006
SPP7                              00000007
SRCLK0                            00000004
SRCLK1                            00000005
SRCLK2                            00000006
SRCON0                            00000F58
SRCON1                            00000F57
SREN                              00000005
SRLEN                             00000007
SRNQEN                            00000002
SRPR                              00000000
SRPS                              00000001
SRQEN                             00000003
SRRC1E                            00000000
SRRC2E                            00000001
SRRCKE                            00000002
SRRPE                             00000003
SRSC1E                            00000004
SRSC2E                            00000005
SRSCKE                            00000006
SRSPE                             00000007
SSP1ADD                           00000FC8
SSP1ADD0                          00000000
SSP1ADD1                          00000001
SSP1ADD2                          00000002
MPASM  5.51                    TEMPSENSOR.ASM   11-18-2022  9:39:55         PAGE 24


SYMBOL TABLE
  LABEL                             VALUE 

SSP1ADD3                          00000003
SSP1ADD4                          00000004
SSP1ADD5                          00000005
SSP1ADD6                          00000006
SSP1ADD7                          00000007
SSP1BUF                           00000FC9
SSP1CON                           00000FC6
SSP1CON1                          00000FC6
SSP1CON2                          00000FC5
SSP1CON3                          00000FCB
SSP1IE                            00000003
SSP1IF                            00000003
SSP1IP                            00000003
SSP1MD                            00000006
SSP1MSK                           00000FCA
SSP1MSK0                          00000000
SSP1MSK1                          00000001
SSP1MSK2                          00000002
SSP1MSK3                          00000003
SSP1MSK4                          00000004
SSP1MSK5                          00000005
SSP1MSK6                          00000006
SSP1MSK7                          00000007
SSP1STAT                          00000FC7
SSPADD                            00000FC8
SSPBUF                            00000FC9
SSPCON                            00000FC6
SSPCON2                           00000FC5
SSPCON3                           00000FCB
SSPEN                             00000005
SSPIE                             00000003
SSPIF                             00000003
SSPIP                             00000003
SSPM0                             00000000
SSPM1                             00000001
SSPM2                             00000002
SSPM3                             00000003
SSPMSK                            00000FCA
SSPOV                             00000006
SSPSTAT                           00000FC7
STALLIE                           00000005
STALLIF                           00000005
STATUS                            00000FD8
STCON                             00000FB5
STEN                              00000007
STIE                              00000007
STIF                              00000007
STIP                              00000007
STKFUL                            00000007
STKOVF                            00000007
STKPTR                            00000FFC
STKUNF                            00000006
STLOCK                            00000003
MPASM  5.51                    TEMPSENSOR.ASM   11-18-2022  9:39:55         PAGE 25


SYMBOL TABLE
  LABEL                             VALUE 

STMD                              00000004
STOR                              00000001
STR1A                             00000000
STR1B                             00000001
STR1C                             00000002
STR1D                             00000003
STR1SYNC                          00000004
STRA                              00000000
STRB                              00000001
STRC                              00000002
STRD                              00000003
STRSYNC                           00000004
STSRC                             00000004
STUD                              00000006
SUMA1                             0000005E
SUSPND                            00000001
SWDTE                             00000000
SWDTEN                            00000000
SYNC                              00000004
T08BIT                            00000006
T0CKI                             00000004
T0CON                             00000FD5
T0CS                              00000005
T0IE                              00000005
T0IF                              00000002
T0IP                              00000002
T0PS0                             00000000
T0PS1                             00000001
T0PS2                             00000002
T0SE                              00000004
T13CKI                            00000000
T1CKPS0                           00000004
T1CKPS1                           00000005
T1CON                             00000FCD
T1DONE                            00000003
T1GCON                            00000FCC
T1GGO                             00000003
T1GGO_NOT_DONE                    00000003
T1GGO_NOT_T1DONE                  00000003
T1GPOL                            00000006
T1GSPM                            00000004
T1GSS0                            00000000
T1GSS1                            00000001
T1GTM                             00000005
T1GVAL                            00000002
T1OSCEN                           00000003
T1OSI                             00000001
T1OSO                             00000000
T1RD16                            00000001
T1SOSCEN                          00000003
T1SYNC                            00000002
T2CKPS0                           00000000
T2CKPS1                           00000001
MPASM  5.51                    TEMPSENSOR.ASM   11-18-2022  9:39:55         PAGE 26


SYMBOL TABLE
  LABEL                             VALUE 

T2CON                             00000FBA
T2OUTPS0                          00000003
T2OUTPS1                          00000004
T2OUTPS2                          00000005
T2OUTPS3                          00000006
T3CKPS0                           00000004
T3CKPS1                           00000005
T3CON                             00000FB1
T3DONE                            00000003
T3GCON                            00000FB4
T3GGO                             00000003
T3GGO_NOT_DONE                    00000003
T3GGO_NOT_T3DONE                  00000003
T3GPOL                            00000006
T3GSPM                            00000004
T3GSS0                            00000000
T3GSS1                            00000001
T3GTM                             00000005
T3GVAL                            00000002
T3OSCEN                           00000003
T3RD16                            00000001
T3SOSCEN                          00000003
T3SYNC                            00000002
TABLAT                            00000FF5
TBLPTR                            00000FF6
TBLPTRH                           00000FF7
TBLPTRL                           00000FF6
TBLPTRU                           00000FF8
TEMP                              0000000C
TEST                              00000052
TGEN                              00000004
TMR0                              00000FD6
TMR0H                             00000FD7
TMR0IE                            00000005
TMR0IF                            00000002
TMR0IP                            00000002
TMR0L                             00000FD6
TMR0ON                            00000007
TMR1                              00000FCE
TMR1CS0                           00000006
TMR1CS1                           00000007
TMR1GE                            00000007
TMR1GIE                           00000000
TMR1GIF                           00000000
TMR1GIP                           00000000
TMR1H                             00000FCF
TMR1IE                            00000000
TMR1IF                            00000000
TMR1IP                            00000000
TMR1L                             00000FCE
TMR1MD                            00000000
TMR1ON                            00000000
TMR2                              00000FBC
MPASM  5.51                    TEMPSENSOR.ASM   11-18-2022  9:39:55         PAGE 27


SYMBOL TABLE
  LABEL                             VALUE 

TMR2IE                            00000001
TMR2IF                            00000001
TMR2IP                            00000001
TMR2MD                            00000001
TMR2ON                            00000002
TMR3                              00000FB2
TMR3CS0                           00000006
TMR3CS1                           00000007
TMR3GE                            00000007
TMR3GIE                           00000001
TMR3GIF                           00000001
TMR3GIP                           00000001
TMR3H                             00000FB3
TMR3IE                            00000001
TMR3IF                            00000001
TMR3IP                            00000001
TMR3L                             00000FB2
TMR3MD                            00000002
TMR3ON                            00000000
TO                                00000003
TOS                               00000FFD
TOSH                              00000FFE
TOSL                              00000FFD
TOSU                              00000FFF
TRIGEN                            00000000
TRIGSEL                           00000007
TRISA                             00000F92
TRISA0                            00000000
TRISA1                            00000001
TRISA2                            00000002
TRISA3                            00000003
TRISA4                            00000004
TRISA5                            00000005
TRISA6                            00000006
TRISA7                            00000007
TRISB                             00000F93
TRISB0                            00000000
TRISB1                            00000001
TRISB2                            00000002
TRISB3                            00000003
TRISB4                            00000004
TRISB5                            00000005
TRISB6                            00000006
TRISB7                            00000007
TRISC                             00000F94
TRISC0                            00000000
TRISC1                            00000001
TRISC2                            00000002
TRISC4                            00000004
TRISC5                            00000005
TRISC6                            00000006
TRISC7                            00000007
TRISD                             00000F95
MPASM  5.51                    TEMPSENSOR.ASM   11-18-2022  9:39:55         PAGE 28


SYMBOL TABLE
  LABEL                             VALUE 

TRISD0                            00000000
TRISD1                            00000001
TRISD2                            00000002
TRISD3                            00000003
TRISD4                            00000004
TRISD5                            00000005
TRISD6                            00000006
TRISD7                            00000007
TRISE                             00000F96
TRISE0                            00000000
TRISE1                            00000001
TRISE2                            00000002
TRMT                              00000001
TRNIE                             00000003
TRNIF                             00000003
TSEN                              00000003
TSRNG                             00000002
TUN0                              00000000
TUN1                              00000001
TUN2                              00000002
TUN3                              00000003
TUN4                              00000004
TUN5                              00000005
TUN6                              00000006
TX                                00000006
TX1IE                             00000004
TX1IF                             00000004
TX1IP                             00000004
TX9                               00000006
TX9D                              00000000
TXCKP                             00000004
TXEN                              00000005
TXIE                              00000004
TXIF                              00000004
TXIP                              00000004
TXREG                             00000FAD
TXREG1                            00000FAD
TXSTA                             00000FAC
TXSTA1                            00000FAC
UA                                00000001
UADDR                             00000F63
UART1MD                           00000006
UARTMD                            00000006
UCFG                              00000F62
UCON                              00000F60
UEIE                              00000F66
UEIR                              00000F67
UEP0                              00000F6A
UEP1                              00000F6B
UEP10                             00000F74
UEP11                             00000F75
UEP12                             00000F76
UEP13                             00000F77
MPASM  5.51                    TEMPSENSOR.ASM   11-18-2022  9:39:55         PAGE 29


SYMBOL TABLE
  LABEL                             VALUE 

UEP14                             00000F78
UEP15                             00000F79
UEP2                              00000F6C
UEP3                              00000F6D
UEP4                              00000F6E
UEP5                              00000F6F
UEP6                              00000F70
UEP7                              00000F71
UEP8                              00000F72
UEP9                              00000F73
UERRIE                            00000001
UERRIF                            00000001
UFRM                              00000F68
UFRMH                             00000F69
UFRML                             00000F68
UIE                               00000F64
UIR                               00000F65
UNIDAD                            00000003
UOEMON                            00000006
UPUEN                             00000004
URSTIE                            00000000
URSTIF                            00000000
USBEN                             00000003
USBIE                             00000002
USBIF                             00000002
USBIP                             00000002
USBMD                             00000005
USTAT                             00000F61
UTEYE                             00000007
UTRDIS                            00000003
VDIRMAG                           00000007
VREFCON0                          00000F7D
VREFCON1                          00000F7C
VREFCON2                          00000F7B
VREFM                             00000002
VREFP                             00000003
VREGCON                           00000F5A
W                                 00000000
WCOL                              00000007
WDTCON                            00000FD1
WPUB                              00000F85
WPUB0                             00000000
WPUB1                             00000001
WPUB2                             00000002
WPUB3                             00000003
WPUB4                             00000004
WPUB5                             00000005
WPUB6                             00000006
WPUB7                             00000007
WPUE3                             00000007
WR                                00000001
WREG                              00000FE8
WREN                              00000002
MPASM  5.51                    TEMPSENSOR.ASM   11-18-2022  9:39:55         PAGE 30


SYMBOL TABLE
  LABEL                             VALUE 

WRERR                             00000003
WUE                               00000001
Z                                 00000002
_BOREN_NOSLP_2L                   000000FD
_BOREN_OFF_2L                     000000F9
_BOREN_ON_2L                      000000FB
_BOREN_SBORDIS_2L                 000000FF
_BORV_190_2L                      000000FF
_BORV_220_2L                      000000F7
_BORV_250_2L                      000000EF
_BORV_285_2L                      000000E7
_CCP2MX_RB3_3H                    000000FE
_CCP2MX_RC1_3H                    000000FF
_CFGPLLEN_OFF_1L                  000000FD
_CFGPLLEN_ON_1L                   000000FF
_CONFIG1H                         00300001
_CONFIG1L                         00300000
_CONFIG2H                         00300003
_CONFIG2L                         00300002
_CONFIG3H                         00300005
_CONFIG4L                         00300006
_CONFIG5H                         00300009
_CONFIG5L                         00300008
_CONFIG6H                         0030000B
_CONFIG6L                         0030000A
_CONFIG7H                         0030000D
_CONFIG7L                         0030000C
_CP0_OFF_5L                       000000FF
_CP0_ON_5L                        000000FE
_CP1_OFF_5L                       000000FF
_CP1_ON_5L                        000000FD
_CP2_OFF_5L                       000000FF
_CP2_ON_5L                        000000FB
_CP3_OFF_5L                       000000FF
_CP3_ON_5L                        000000F7
_CPB_OFF_5H                       000000FF
_CPB_ON_5H                        000000BF
_CPD_OFF_5H                       000000FF
_CPD_ON_5H                        0000007F
_CPUDIV_CLKDIV2_1L                000000EF
_CPUDIV_CLKDIV3_1L                000000F7
_CPUDIV_CLKDIV6_1L                000000FF
_CPUDIV_NOCLKDIV_1L               000000E7
_DEBUG_OFF_4L                     000000FF
_DEBUG_ON_4L                      0000007F
_DEVID1                           003FFFFE
_DEVID2                           003FFFFF
_EBTR0_OFF_7L                     000000FF
_EBTR0_ON_7L                      000000FE
_EBTR1_OFF_7L                     000000FF
_EBTR1_ON_7L                      000000FD
_EBTR2_OFF_7L                     000000FF
_EBTR2_ON_7L                      000000FB
MPASM  5.51                    TEMPSENSOR.ASM   11-18-2022  9:39:55         PAGE 31


SYMBOL TABLE
  LABEL                             VALUE 

_EBTR3_OFF_7L                     000000FF
_EBTR3_ON_7L                      000000F7
_EBTRB_OFF_7H                     000000FF
_EBTRB_ON_7H                      000000BF
_FCMEN_OFF_1H                     000000BF
_FCMEN_ON_1H                      000000FF
_FOSC_ECHCLKO_1H                  000000F4
_FOSC_ECHIO_1H                    000000F5
_FOSC_ECLCLKO_1H                  000000FC
_FOSC_ECLIO_1H                    000000FD
_FOSC_ECMCLKO_1H                  000000FA
_FOSC_ECMIO_1H                    000000FB
_FOSC_HSH_1H                      000000F2
_FOSC_HSM_1H                      000000F3
_FOSC_INTOSCCLKO_1H               000000F9
_FOSC_INTOSCIO_1H                 000000F8
_FOSC_LP_1H                       000000F0
_FOSC_RCCLKO_1H                   000000F6
_FOSC_RCIO_1H                     000000F7
_FOSC_XT_1H                       000000F1
_ICPRT_OFF_4L                     000000DF
_ICPRT_ON_4L                      000000FF
_IDLOC0                           00200000
_IDLOC1                           00200001
_IDLOC2                           00200002
_IDLOC3                           00200003
_IDLOC4                           00200004
_IDLOC5                           00200005
_IDLOC6                           00200006
_IDLOC7                           00200007
_IESO_OFF_1H                      0000007F
_IESO_ON_1H                       000000FF
_LS48MHZ_SYS24X4_1L               000000DF
_LS48MHZ_SYS48X8_1L               000000FF
_LVP_OFF_4L                       000000FB
_LVP_ON_4L                        000000FF
_MCLRE_OFF_3H                     0000007F
_MCLRE_ON_3H                      000000FF
_PBADEN_OFF_3H                    000000FD
_PBADEN_ON_3H                     000000FF
_PCLKEN_OFF_1H                    000000DF
_PCLKEN_ON_1H                     000000FF
_PLLSEL_PLL3X_1L                  000000FF
_PLLSEL_PLL4X_1L                  000000FE
_SDOMX_RB3_3H                     000000FF
_SDOMX_RC7_3H                     000000BF
_STVREN_OFF_4L                    000000FE
_STVREN_ON_4L                     000000FF
_T3CMX_RB5_3H                     000000EF
_T3CMX_RC0_3H                     000000FF
_WDTEN_NOSLP_2H                   000000FD
_WDTEN_OFF_2H                     000000FC
_WDTEN_ON_2H                      000000FF
MPASM  5.51                    TEMPSENSOR.ASM   11-18-2022  9:39:55         PAGE 32


SYMBOL TABLE
  LABEL                             VALUE 

_WDTEN_SWON_2H                    000000FE
_WDTPS_1024_2H                    000000EB
_WDTPS_128_2H                     000000DF
_WDTPS_16384_2H                   000000FB
_WDTPS_16_2H                      000000D3
_WDTPS_1_2H                       000000C3
_WDTPS_2048_2H                    000000EF
_WDTPS_256_2H                     000000E3
_WDTPS_2_2H                       000000C7
_WDTPS_32768_2H                   000000FF
_WDTPS_32_2H                      000000D7
_WDTPS_4096_2H                    000000F3
_WDTPS_4_2H                       000000CB
_WDTPS_512_2H                     000000E7
_WDTPS_64_2H                      000000DB
_WDTPS_8192_2H                    000000F7
_WDTPS_8_2H                       000000CF
_WRT0_OFF_6L                      000000FF
_WRT0_ON_6L                       000000FE
_WRT1_OFF_6L                      000000FF
_WRT1_ON_6L                       000000FD
_WRT2_OFF_6L                      000000FF
_WRT2_ON_6L                       000000FB
_WRT3_OFF_6L                      000000FF
_WRT3_ON_6L                       000000F7
_WRTB_OFF_6H                      000000FF
_WRTB_ON_6H                       000000BF
_WRTC_OFF_6H                      000000FF
_WRTC_ON_6H                       000000DF
_WRTD_OFF_6H                      000000FF
_WRTD_ON_6H                       0000007F
_XINST_OFF_4L                     000000BF
_XINST_ON_4L                      000000FF
__18F45K50                        00000001
__DEBUG                           1
_nLPBOR_OFF_2L                    000000FF
_nLPBOR_ON_2L                     000000BF
_nPWRTEN_OFF_2L                   000000FF
_nPWRTEN_ON_2L                    000000FE
start                             00000004

Errors   :     0
Warnings :     1 reported,     0 suppressed
Messages :     0 reported,     0 suppressed

