Message[313] C:\USERS\DIAL_\ONEDRIVE\ESCRITORIO\DOCUMENTOS\UAN\9NO SEMESTRE\MICROS\CODIGOSPRUEBA\LIBRERIAS\B2BCD.INC 1 : CBLOCK constants will start with a value of 0.
Error[150]   C:\USERS\DIAL_\ONEDRIVE\ESCRITORIO\DOCUMENTOS\UAN\9NO SEMESTRE\MICROS\CODIGOSPRUEBA\LIBRERIAS\B2BCD.INC 9 : Labels must be defined in a code or data section when making an object file
Error[152]   C:\USERS\DIAL_\ONEDRIVE\ESCRITORIO\DOCUMENTOS\UAN\9NO SEMESTRE\MICROS\CODIGOSPRUEBA\LIBRERIAS\B2BCD.INC 10 : Executable code and data must be defined in an appropriate section
Error[152]   C:\USERS\DIAL_\ONEDRIVE\ESCRITORIO\DOCUMENTOS\UAN\9NO SEMESTRE\MICROS\CODIGOSPRUEBA\LIBRERIAS\B2BCD.INC 11 : Executable code and data must be defined in an appropriate section
Error[152]   C:\USERS\DIAL_\ONEDRIVE\ESCRITORIO\DOCUMENTOS\UAN\9NO SEMESTRE\MICROS\CODIGOSPRUEBA\LIBRERIAS\B2BCD.INC 12 : Executable code and data must be defined in an appropriate section
Error[152]   C:\USERS\DIAL_\ONEDRIVE\ESCRITORIO\DOCUMENTOS\UAN\9NO SEMESTRE\MICROS\CODIGOSPRUEBA\LIBRERIAS\B2BCD.INC 13 : Executable code and data must be defined in an appropriate section
Error[150]   C:\USERS\DIAL_\ONEDRIVE\ESCRITORIO\DOCUMENTOS\UAN\9NO SEMESTRE\MICROS\CODIGOSPRUEBA\LIBRERIAS\B2BCD.INC 14 : Labels must be defined in a code or data section when making an object file
Error[152]   C:\USERS\DIAL_\ONEDRIVE\ESCRITORIO\DOCUMENTOS\UAN\9NO SEMESTRE\MICROS\CODIGOSPRUEBA\LIBRERIAS\B2BCD.INC 15 : Executable code and data must be defined in an appropriate section
Error[152]   C:\USERS\DIAL_\ONEDRIVE\ESCRITORIO\DOCUMENTOS\UAN\9NO SEMESTRE\MICROS\CODIGOSPRUEBA\LIBRERIAS\B2BCD.INC 16 : Executable code and data must be defined in an appropriate section
Error[151]   C:\USERS\DIAL_\ONEDRIVE\ESCRITORIO\DOCUMENTOS\UAN\9NO SEMESTRE\MICROS\CODIGOSPRUEBA\LIBRERIAS\B2BCD.INC 17 : Operand contains unresolvable labels or is too complex
Error[152]   C:\USERS\DIAL_\ONEDRIVE\ESCRITORIO\DOCUMENTOS\UAN\9NO SEMESTRE\MICROS\CODIGOSPRUEBA\LIBRERIAS\B2BCD.INC 17 : Executable code and data must be defined in an appropriate section
Error[152]   C:\USERS\DIAL_\ONEDRIVE\ESCRITORIO\DOCUMENTOS\UAN\9NO SEMESTRE\MICROS\CODIGOSPRUEBA\LIBRERIAS\B2BCD.INC 18 : Executable code and data must be defined in an appropriate section
Error[152]   C:\USERS\DIAL_\ONEDRIVE\ESCRITORIO\DOCUMENTOS\UAN\9NO SEMESTRE\MICROS\CODIGOSPRUEBA\LIBRERIAS\B2BCD.INC 19 : Executable code and data must be defined in an appropriate section
Error[151]   C:\USERS\DIAL_\ONEDRIVE\ESCRITORIO\DOCUMENTOS\UAN\9NO SEMESTRE\MICROS\CODIGOSPRUEBA\LIBRERIAS\B2BCD.INC 20 : Operand contains unresolvable labels or is too complex
Error[152]   C:\USERS\DIAL_\ONEDRIVE\ESCRITORIO\DOCUMENTOS\UAN\9NO SEMESTRE\MICROS\CODIGOSPRUEBA\LIBRERIAS\B2BCD.INC 20 : Executable code and data must be defined in an appropriate section
Error[152]   C:\USERS\DIAL_\ONEDRIVE\ESCRITORIO\DOCUMENTOS\UAN\9NO SEMESTRE\MICROS\CODIGOSPRUEBA\LIBRERIAS\B2BCD.INC 20 : Executable code and data must be defined in an appropriate section
Error[150]   C:\USERS\DIAL_\ONEDRIVE\ESCRITORIO\DOCUMENTOS\UAN\9NO SEMESTRE\MICROS\CODIGOSPRUEBA\LIBRERIAS\B2BCD.INC 22 : Labels must be defined in a code or data section when making an object file
Error[152]   C:\USERS\DIAL_\ONEDRIVE\ESCRITORIO\DOCUMENTOS\UAN\9NO SEMESTRE\MICROS\CODIGOSPRUEBA\LIBRERIAS\B2BCD.INC 22 : Executable code and data must be defined in an appropriate section
Error[152]   C:\USERS\DIAL_\ONEDRIVE\ESCRITORIO\DOCUMENTOS\UAN\9NO SEMESTRE\MICROS\CODIGOSPRUEBA\LIBRERIAS\B2BCD.INC 23 : Executable code and data must be defined in an appropriate section
Error[151]   C:\USERS\DIAL_\ONEDRIVE\ESCRITORIO\DOCUMENTOS\UAN\9NO SEMESTRE\MICROS\CODIGOSPRUEBA\LIBRERIAS\B2BCD.INC 24 : Operand contains unresolvable labels or is too complex
Error[152]   C:\USERS\DIAL_\ONEDRIVE\ESCRITORIO\DOCUMENTOS\UAN\9NO SEMESTRE\MICROS\CODIGOSPRUEBA\LIBRERIAS\B2BCD.INC 24 : Executable code and data must be defined in an appropriate section
Error[152]   C:\USERS\DIAL_\ONEDRIVE\ESCRITORIO\DOCUMENTOS\UAN\9NO SEMESTRE\MICROS\CODIGOSPRUEBA\LIBRERIAS\B2BCD.INC 25 : Executable code and data must be defined in an appropriate section
Error[152]   C:\USERS\DIAL_\ONEDRIVE\ESCRITORIO\DOCUMENTOS\UAN\9NO SEMESTRE\MICROS\CODIGOSPRUEBA\LIBRERIAS\B2BCD.INC 26 : Executable code and data must be defined in an appropriate section
Error[151]   C:\USERS\DIAL_\ONEDRIVE\ESCRITORIO\DOCUMENTOS\UAN\9NO SEMESTRE\MICROS\CODIGOSPRUEBA\LIBRERIAS\B2BCD.INC 27 : Operand contains unresolvable labels or is too complex
Error[152]   C:\USERS\DIAL_\ONEDRIVE\ESCRITORIO\DOCUMENTOS\UAN\9NO SEMESTRE\MICROS\CODIGOSPRUEBA\LIBRERIAS\B2BCD.INC 27 : Executable code and data must be defined in an appropriate section
Error[152]   C:\USERS\DIAL_\ONEDRIVE\ESCRITORIO\DOCUMENTOS\UAN\9NO SEMESTRE\MICROS\CODIGOSPRUEBA\LIBRERIAS\B2BCD.INC 27 : Executable code and data must be defined in an appropriate section
Error[150]   C:\USERS\DIAL_\ONEDRIVE\ESCRITORIO\DOCUMENTOS\UAN\9NO SEMESTRE\MICROS\CODIGOSPRUEBA\LIBRERIAS\B2BCD.INC 28 : Labels must be defined in a code or data section when making an object file
Error[152]   C:\USERS\DIAL_\ONEDRIVE\ESCRITORIO\DOCUMENTOS\UAN\9NO SEMESTRE\MICROS\CODIGOSPRUEBA\LIBRERIAS\B2BCD.INC 29 : Executable code and data must be defined in an appropriate section
Error[129]   C:\USERS\DIAL_\ONEDRIVE\ESCRITORIO\DOCUMENTOS\UAN\9NO SEMESTRE\MICROS\CODIGOSPRUEBA\LIBRERIAS\B2BCD.INC 30 : Expected (END)
