MPASM  5.51                     GENERADOR.ASM   10-26-2022  10:09:19         PAGE  1


LOC  OBJECT CODE     LINE SOURCE TEXT
  VALUE

                      00001 ; PLANTILLA DE PROGRAMA PARA TRABAJAR CON LA TARJETA MIUVA 18F45K50
                      00002 ; CON OSCILADOR EXTERNO TRABAJANDO A 12 MHz
Warning[205]: Found directive in column 1. (LIST)
                      00003 LIST p=18F45K50
                      00004 #include <P18F45K50.inc>
                      00001         LIST
                      00002 
                      00003 ;==========================================================================
                      00004 ;  MPASM PIC18F45K50 processor include
                      00005 ; 
                      00006 ;  (c) Copyright 1999-2013 Microchip Technology, All rights reserved
                      00007 ;==========================================================================
                      00008 
                      02337         LIST
                      00005 
                      00006 ;;;;;;;;;;;;;;;;;;;;;;;;;;;;;;;;;;;;;;;;;;;;;;
                      00007 ;------- BITS DE CONFIGURACION --------------;
                      00008 ;;;;;;;;;;;;;;;;;;;;;;;;;;;;;;;;;;;;;;;;;;;;;;
                      00009 
                      00010 ; CONFIG1L
                      00011   CONFIG  PLLSEL = PLL3X        ; PLL Selection (4x clock multiplier)
                      00012   CONFIG  CFGPLLEN = OFF        ; PLL Enable Configuration bit (PLL Disabled (firmware controlled))
                      00013   CONFIG  CPUDIV = NOCLKDIV     ; CPU System Clock Postscaler (CPU uses system clock (no divide))
                      00014   CONFIG  LS48MHZ = SYS24X4     ; Low Speed USB mode with 48 MHz system clock (System clock at 24 MHz, U
                            SB clock divider is set to 4)
                      00015 
                      00016 ; CONFIG1H
                      00017   CONFIG  FOSC = HSM     ; Oscillator Selection (Internal oscillator, clock output on OSC2)
                      00018   CONFIG  PCLKEN = ON           ; Primary Oscillator Shutdown (Primary oscillator enabled)
                      00019   CONFIG  FCMEN = OFF           ; Fail-Safe Clock Monitor (Fail-Safe Clock Monitor disabled)
                      00020   CONFIG  IESO = OFF            ; Internal/External Oscillator Switchover (Oscillator Switchover mode di
                            sabled)
                      00021 
                      00022 ; CONFIG2L
                      00023   CONFIG  nPWRTEN = ON         ; Power-up Timer Enable (Power up timer disabled)
                      00024   CONFIG  BOREN = OFF           ; Brown-out Reset Enable (BOR disabled in hardware (SBOREN is ignored))
                      00025   CONFIG  BORV = 190            ; Brown-out Reset Voltage (BOR set to 1.9V nominal)
                      00026   CONFIG  nLPBOR = OFF          ; Low-Power Brown-out Reset (Low-Power Brown-out Reset disabled)
                      00027 
                      00028 ; CONFIG2H
                      00029   CONFIG  WDTEN = OFF           ; Watchdog Timer Enable bits (WDT disabled in hardware (SWDTEN ignored))
                      00030   CONFIG  WDTPS = 32768         ; Watchdog Timer Postscaler (1:32768)
                      00031 
                      00032 ; CONFIG3H
                      00033   CONFIG  CCP2MX = RC1          ; CCP2 MUX bit (CCP2 input/output is multiplexed with RC1)
                      00034   CONFIG  PBADEN = OFF          ; PORTB A/D Enable bit (PORTB<5:0> pins are configured as digital I/O on
                             Reset)
                      00035   CONFIG  T3CMX = RC0           ; Timer3 Clock Input MUX bit (T3CKI function is on RC0)
                      00036   CONFIG  SDOMX = RC7           ; SDO Output MUX bit (SDO function is on RB3)
                      00037   CONFIG  MCLRE = ON           ; Master Clear Reset Pin Enable (RE3 input pin enabled; external MCLR dis
                            abled)
                      00038 
                      00039 ; CONFIG4L
MPASM  5.51                     GENERADOR.ASM   10-26-2022  10:09:19         PAGE  2


LOC  OBJECT CODE     LINE SOURCE TEXT
  VALUE

                      00040   CONFIG  STVREN = ON          ; Stack Full/Underflow Reset (Stack full/underflow will not cause Reset)
                      00041   CONFIG  LVP = OFF             ; Single-Supply ICSP Enable bit (Single-Supply ICSP disabled)
                      00042   CONFIG  ICPRT = OFF           ; Dedicated In-Circuit Debug/Programming Port Enable (ICPORT disabled)
                      00043   CONFIG  XINST = OFF           ; Extended Instruction Set Enable bit (Instruction set extension and Ind
                            exed Addressing mode disabled)
                      00044 
                      00045 ; CONFIG5L
                      00046   CONFIG  CP0 = OFF             ; Block 0 Code Protect (Block 0 is not code-protected)
                      00047   CONFIG  CP1 = OFF             ; Block 1 Code Protect (Block 1 is not code-protected)
                      00048   CONFIG  CP2 = OFF             ; Block 2 Code Protect (Block 2 is not code-protected)
                      00049   CONFIG  CP3 = OFF             ; Block 3 Code Protect (Block 3 is not code-protected)
                      00050 
                      00051 ; CONFIG5H
                      00052   CONFIG  CPB = OFF             ; Boot Block Code Protect (Boot block is not code-protected)
                      00053   CONFIG  CPD = OFF             ; Data EEPROM Code Protect (Data EEPROM is not code-protected)
                      00054 
                      00055 ; CONFIG6L
                      00056   CONFIG  WRT0 = OFF            ; Block 0 Write Protect (Block 0 (0800-1FFFh) is not write-protected)
                      00057   CONFIG  WRT1 = OFF            ; Block 1 Write Protect (Block 1 (2000-3FFFh) is not write-protected)
                      00058   CONFIG  WRT2 = OFF            ; Block 2 Write Protect (Block 2 (04000-5FFFh) is not write-protected)
                      00059   CONFIG  WRT3 = OFF            ; Block 3 Write Protect (Block 3 (06000-7FFFh) is not write-protected)
                      00060 
                      00061 ; CONFIG6H
                      00062   CONFIG  WRTC = OFF            ; Configuration Registers Write Protect (Configuration registers (300000
                            -3000FFh) are not write-protected)
                      00063   CONFIG  WRTB = OFF            ; Boot Block Write Protect (Boot block (0000-7FFh) is not write-protecte
                            d)
                      00064   CONFIG  WRTD = OFF            ; Data EEPROM Write Protect (Data EEPROM is not write-protected)
                      00065 
                      00066 ; CONFIG7L
                      00067   CONFIG  EBTR0 = OFF           ; Block 0 Table Read Protect (Block 0 is not protected from table reads 
                            executed in other blocks)
                      00068   CONFIG  EBTR1 = OFF           ; Block 1 Table Read Protect (Block 1 is not protected from table reads 
                            executed in other blocks)
                      00069   CONFIG  EBTR2 = OFF           ; Block 2 Table Read Protect (Block 2 is not protected from table reads 
                            executed in other blocks)
                      00070   CONFIG  EBTR3 = OFF           ; Block 3 Table Read Protect (Block 3 is not protected from table reads 
                            executed in other blocks)
                      00071 
                      00072 ; CONFIG7H
                      00073   CONFIG  EBTRB = OFF           ; Boot Block Table Read Protect (Boot block is not protected from table 
                            reads executed in other blocks)
                      00074 
                      00075 ;;;;;;;;;;;;;;;;;;;;;;;;;;;;;;;;;;;;;;;;;;;
                      00076 ;------- Declaracion de variables --------;
                      00077 ;;;;;;;;;;;;;;;;;;;;;;;;;;;;;;;;;;;;;;;;;;;
                      00078         CBLOCK 0X000
  00000000            00079         MILLAR
  00000001            00080         CENTENA
  00000002            00081         DECENA 
  00000003            00082         UNIDAD
  00000004            00083         D1
  00000005            00084         D2
MPASM  5.51                     GENERADOR.ASM   10-26-2022  10:09:19         PAGE  3


LOC  OBJECT CODE     LINE SOURCE TEXT
  VALUE

  00000006            00085         D3
  00000007            00086         D4
  00000008            00087         CH
  00000009            00088         CL      
  0000000A            00089         DETECTOR
  0000000B            00090         TEMP
  0000000C            00091         CAMBIO
  0000000D            00092         CARACTER
  0000000E            00093         BACKUP
                      00094         ENDC
                      00095         #DEFINE RS LATD,5
                      00096         #DEFINE EN LATD,4
                      00097 ;;;;;;;;;;;;;;;;;;;;;;;;;;;;;;;;;;;;;;;;;;
                      00098 ;------ INICIO DE PROGRAMA PRINCIPAL ----;
                      00099 ;;;;;;;;;;;;;;;;;;;;;;;;;;;;;;;;;;;;;;;;;;      
                      00100         org     0X0000
000000 EF?? F???      00101         goto    start
                      00102         org     0X0018
000018 B4F2           00103         BTFSC   INTCON,TMR0IF
00001A EF?? F???      00104         GOTO    GENERATOR
00001E EF?? F???      00105         GOTO    TXT_LCD
                      00106 
                      00107 ;======================================================================================
                      00108 ; SECCION DE CONFIGURACION POR SOFTWARE
000022                00109 start    
000022 0E0F           00110         MOVLW   H'0F'
000024 6EC1           00111         MOVWF   ADCON1
                      00112 
                      00113 
                      00114 ;======================================================================================
                      00115 
                      00116 ; CONFIGURACION DE PUERTOS
000026 010F           00117         MOVLB   0XF
000028 6A8A           00118         CLRF    LATB
00002A 6B5C           00119         CLRF    ANSELB  
00002C 0E0F           00120         MOVLW   0X0F
00002E 6E93           00121         MOVWF   TRISB
                      00122         
000030 6A89           00123         CLRF    LATA
000032 6B5B           00124         CLRF    ANSELA
000034 6A92           00125         CLRF    TRISA
                      00126         
000036 6A8C           00127         CLRF    LATD
000038 6B5E           00128         CLRF    ANSELD
00003A 6A95           00129         CLRF    TRISD
                      00130 
                      00131 ;INICIALIZACION DE LAS INTERRUPCIONES
                      00132 
00003C 88F2           00133         BSF     INTCON,INT0IE   ;HABILITA LA INTERRIPCION DEL BIT 0 DEL PUERTO B
00003E 92F2           00134         BCF     INTCON,INT0IF   ;DESHABILITA LA BANDERA
000040 9CF1           00135         BCF     INTCON2,INTEDG0 ;SELECCION DEL TIPO DE INTERRUPCION POR FILO DE BAJADA
                      00136 
000042 86F0           00137         BSF     INTCON3,INT1IE  ;HABILITA LA INTERRIPCION DEL BIT 0 DEL PUERTO B
MPASM  5.51                     GENERADOR.ASM   10-26-2022  10:09:19         PAGE  4


LOC  OBJECT CODE     LINE SOURCE TEXT
  VALUE

000044 90F0           00138         BCF     INTCON3,INT1IF  ;DESHABILITA LA BANDERA
000046 9AF1           00139         BCF     INTCON2,INTEDG1 ;SELECCION DEL TIPO DE INTERRUPCION POR FILO DE BAJADA
                      00140 
000048 88F0           00141         BSF     INTCON3,INT2IE  ;HABILITA LA INTERRIPCION DEL BIT 0 DEL PUERTO B
00004A 92F0           00142         BCF     INTCON3,INT2IF  ;DESHABILITA LA BANDERA
00004C 98F1           00143         BCF     INTCON2,INTEDG2 ;SELECCION DEL TIPO DE INTERRUPCION POR FILO DE BAJADA
                      00144 
00004E 94F1           00145         BCF     INTCON2,TMR0IP
000050 80F1           00146         BSF     INTCON2,IOCIP
                      00147 
000052 9AF2           00148         BCF     INTCON,TMR0IE
000054 94F2           00149         BCF     INTCON,TMR0IF
000056 8ED5           00150         BSF     T0CON,TMR0ON    ;HABILITAR EL TIMER 0
000058 9CD5           00151         BCF     T0CON,T08BIT    ;ACTIVAR EL MODO DE 16 BITS
00005A 9AD5           00152         BCF     T0CON,T0CS              ;HABILITA EL RELOJ INTERNO COMO CONTADOR
00005C 98D5           00153         BCF     T0CON,T0SE              ;SE SELECCIONA UN FILO DE SUBIDA 
00005E 86D5           00154         BSF     T0CON,PSA               ;SE INHABILITA EL PREESCALADOR
                      00155 
000060 8EF2           00156         BSF     INTCON,GIE              ;SE HABILITAN TODAS LAS INTERRUPCIONES EXISTENTES
                      00157 
                      00158 ;fin de configuacion
                      00159         
                      00160 ;======================================================================================
                      00161 ; PROGRAMA PRINCIPAL
000062 EC?? F???      00162         CALL    LCD_SETUP
                      00163 
000066                00164 LOOP
000066 8AF2           00165         BSF     INTCON,TMR0IE
000068 EF?? F???      00166         GOTO    LOOP
                      00167 
00006C                00168 TXT_LCD
00006C EC?? F???      00169         CALL BARRIDO
000070 EC?? F???      00170         CALL    LCD_RETURN_HOME
000074 0E20           00171         MOVLW   ' '
000076 EC?? F???      00172         CALL    LCD_CARACTER
00007A 0E20           00173         MOVLW   ' '
00007C EC?? F???      00174         CALL    LCD_CARACTER
000080 0E20           00175         MOVLW   ' '
000082 EC?? F???      00176         CALL    LCD_CARACTER
000086 0E20           00177         MOVLW   ' '
000088 EC?? F???      00178         CALL    LCD_CARACTER
00008C 0E20           00179         MOVLW   ' '
00008E EC?? F???      00180         CALL    LCD_CARACTER
000092 500D           00181         MOVF    CARACTER,W
000094 EC?? F???      00182         CALL    LCD_CARACTER
000098 0E4B           00183         MOVLW   'K'
00009A EC?? F???      00184         CALL    LCD_CARACTER
00009E 0E48           00185         MOVLW   'H'
0000A0 EC?? F???      00186         CALL    LCD_CARACTER
0000A4 0E7A           00187         MOVLW   'z'
0000A6 EC?? F???      00188         CALL    LCD_CARACTER
0000AA 92F2           00189         BCF             INTCON,INT0IF
0000AC 90F0           00190         BCF             INTCON3,INT1IF
MPASM  5.51                     GENERADOR.ASM   10-26-2022  10:09:19         PAGE  5


LOC  OBJECT CODE     LINE SOURCE TEXT
  VALUE

0000AE 92F0           00191         BCF             INTCON3,INT2IF
0000B0 6A8A           00192         CLRF    LATB
0000B2 8AF2           00193         BSF             INTCON,TMR0IE
0000B4 8EF2           00194         BSF             INTCON,GIE      
0000B6 0010           00195         RETFIE
                      00196 
0000B8                00197 GENERATOR
0000B8 6E0E           00198         MOVWF   BACKUP
0000BA 7889           00199         BTG             LATA,4  
0000BC 94F2           00200         BCF             INTCON,TMR0IF
0000BE 8EF2           00201         BSF             INTCON,GIE
0000C0 5008           00202         MOVF    CH,W
0000C2 6ED7           00203         MOVWF   TMR0H
0000C4 5009           00204         MOVF    CL,W
0000C6 6ED6           00205         MOVWF   TMR0L
0000C8 500E           00206         MOVF    BACKUP,W
0000CA 8AF2           00207         BSF     INTCON,TMR0IE
0000CC 0010           00208         RETFIE
                      00209 #include<LCD_4.inc>
                      00001 
                      00002         CBLOCK
  0000000F            00003         DATO_LCD
  00000010            00004         LCD_SAVED
                      00005         ENDC
                      00006 
                      00007 
0000CE                00008 LCD_SETUP
0000CE 988C           00009         BCF             EN
0000D0 9A8C           00010         BCF             RS
0000D2 6A95           00011         CLRF    TRISD
0000D4 EC?? F???      00012         CALL    Retardo_5ms
0000D8 0E03           00013         MOVLW   0X03
0000DA EC?? F???      00014         CALL    LCD_COMANDO
0000DE EC?? F???      00015         CALL    Retardo_5ms     
0000E2 0E03           00016         MOVLW   0X03
0000E4 EC?? F???      00017         CALL    LCD_COMANDO
0000E8 EC?? F???      00018         CALL    Retardo_50us
0000EC EC?? F???      00019         CALL    Retardo_50us
0000F0 EC?? F???      00020         CALL    Retardo_50us
0000F4 0E03           00021         MOVLW   0X03
0000F6 EC?? F???      00022         CALL    LCD_COMANDO
0000FA 0E02           00023         MOVLW   0X02
0000FC EC?? F???      00024         CALL    LCD_COMANDO
000100 EC?? F???      00025         CALL    LCD_2LINEAS
000104 EC?? F???      00026         CALL    DISPLAY_ON
000108 EC?? F???      00027         CALL    LCD_BORRA
00010C 0012           00028         RETURN
00010E                00029 LCD_RETURN_HOME
00010E 0E02           00030         MOVLW   0X02
000110 EF?? F???      00031         GOTO    LCD_SET
000114                00032 LCD_DECR
000114 0E04           00033         MOVLW   0X04
000116 EF?? F???      00034         GOTO    LCD_SET
MPASM  5.51                     GENERADOR.ASM   10-26-2022  10:09:19         PAGE  6


LOC  OBJECT CODE     LINE SOURCE TEXT
  VALUE

00011A                00035 LCD_LINEA1
00011A 0E10           00036         MOVLW   0X10
00011C EF?? F???      00037         GOTO    LCD_SET
000120                00038 LCD_LINEA2
000120 0EC0           00039         MOVLW   0XC0
000122 EF?? F???      00040         GOTO    LCD_SET
000126                00041 LCD_CURSORON
000126 0E0E           00042         MOVLW   0X0E
000128 EF?? F???      00043         GOTO    LCD_SET
00012C                00044 LCD_INCR
00012C 0E06           00045         MOVLW   0X06
00012E EF?? F???      00046         GOTO    LCD_SET
000132                00047 LCD_BORRA
000132 0E01           00048         MOVLW   0X01
000134 EF?? F???      00049         GOTO    LCD_SET
000138                00050 DISPLAY_ON
000138 0E0C           00051         MOVLW   0X0C
00013A EF?? F???      00052         GOTO    LCD_SET
00013E                00053 LCD_2LINEAS     
00013E 0E28           00054         MOVLW   0X28
000140 EF?? F???      00055         GOTO    LCD_SET
                      00056 
000144                00057 LCD_SET
000144 6E10           00058         MOVWF   LCD_SAVED
000146 3810           00059         SWAPF   LCD_SAVED,W
000148 6E10           00060         MOVWF   LCD_SAVED
00014A 5010           00061         MOVF    LCD_SAVED,W
00014C EC?? F???      00062         CALL    LCD_COMANDO
000150 3810           00063         SWAPF   LCD_SAVED,W
000152 EC?? F???      00064         CALL    LCD_COMANDO
000156 0012           00065         RETURN
000158                00066 LCD_COMANDO
000158 0B0F           00067         ANDLW   B'00001111'     
00015A 6E0F           00068         MOVWF   DATO_LCD
00015C 508C           00069         MOVF    LATD,W
00015E 0BF0           00070         ANDLW   B'11110000'
000160 100F           00071         IORWF   DATO_LCD,W
000162 6E8C           00072         MOVWF   LATD
000164 EC?? F???      00073         CALL    ENABLE
000168 0012           00074         RETURN
                      00075 
00016A                00076 ENABLE
                      00077         ;CALL   Retardo_2ms
00016A 888C           00078         BSF     EN
00016C EC?? F???      00079         CALL    Retardo_2ms
000170 988C           00080         BCF     EN
000172 0012           00081         RETURN
                      00082 
000174                00083 LCD_CARACTER
000174 8A8C           00084         BSF             RS
000176 EC?? F???      00085         CALL    LCD_SET
                      00086         ;CALL   Delay
00017A 9A8C           00087         BCF             RS
MPASM  5.51                     GENERADOR.ASM   10-26-2022  10:09:19         PAGE  7


LOC  OBJECT CODE     LINE SOURCE TEXT
  VALUE

00017C 0012           00088         RETURN
00017E                00089 Retardo_5ms     ;14993 cycles ////////////////////////////////////////////////
00017E 0EB6           00090         movlw   0xB6
000180 6E04           00091         movwf   D1
000182 0E0C           00092         movlw   0x0C
000184 6E05           00093         movwf   D2
000186                00094 Retardo_5ms_0
000186 2E04           00095         decfsz  D1, f
000188 EF?? F???      00096         goto    S15ms
00018C 2E05           00097         decfsz  D2, f
00018E EF?? F???      00098 S15ms   goto    Retardo_5ms_0
                      00099                         ;3 cycles
000192 EF?? F???      00100         goto    S25ms
000196 0000           00101         nop
000198                00102 S25ms           ;4 cycles (including call)
000198 0012           00103         return
                      00104 
00019A                00105 Retardo_2ms ;5993 cycles //////////////////////////////////////////////
00019A 0EAE           00106         movlw   0xAE
00019C 6E04           00107         movwf   D1
00019E 0E05           00108         movlw   0x05
0001A0 6E05           00109         movwf   D2
0001A2                00110 Retardo_2ms_0
0001A2 2E04           00111         decfsz  D1, f
0001A4 EF?? F???      00112         goto    S12ms
0001A8 2E05           00113         decfsz  D2, f
0001AA EF?? F???      00114 S12ms   goto    Retardo_2ms_0
                      00115 
                      00116                         ;3 cycles
0001AE EF?? F???      00117         goto    S22ms
0001B2 0000           00118         nop
0001B4                00119 S22ms                   ;4 cycles (including call)
0001B4 0012           00120         return
                      00121 
0001B6                00122 Delay   ;1499993 cycles ////////////////////////////////////////////
0001B6 0E0C           00123         movlw   0x0C
0001B8 6E04           00124         movwf   D1
0001BA 0E46           00125         movlw   0x46
0001BC 6E05           00126         movwf   D2
0001BE 0E04           00127         movlw   0x04
0001C0 6E06           00128         movwf   D3
0001C2                00129 Retardo_500ms_0
0001C2 2E04           00130         decfsz  D1, f
0001C4 EF?? F???      00131         goto    S1500ms
0001C8 2E05           00132         decfsz  D2, f
0001CA EF?? F???      00133 S1500ms goto    S2500ms
0001CE 2E06           00134         decfsz  D3, f
0001D0 EF?? F???      00135 S2500ms goto    Retardo_500ms_0
                      00136                         ;3 cycles
0001D4 EF?? F???      00137         goto    S3500ms
0001D8 0000           00138         nop
0001DA                00139 S3500ms                 ;4 cycles (including call)
0001DA 0012           00140         return
MPASM  5.51                     GENERADOR.ASM   10-26-2022  10:09:19         PAGE  8


LOC  OBJECT CODE     LINE SOURCE TEXT
  VALUE

0001DC                00141 Retardo_20ms    ;59993 cycles ////////////////////////////////////////////////
0001DC 0EDE           00142         movlw   0xDE
0001DE 6E04           00143         movwf   D1
0001E0 0E2F           00144         movlw   0x2F
0001E2 6E05           00145         movwf   D2
0001E4                00146 Retardo_20ms_0
0001E4 2E04           00147         decfsz  D1, f
0001E6 EF?? F???      00148         goto    S120ms
0001EA 2E05           00149         decfsz  D2, f
0001EC EF?? F???      00150 S120ms  goto    Retardo_20ms_0
                      00151                         ;3 cycles
0001F0 EF?? F???      00152         goto    S220ms
0001F4 0000           00153         nop
0001F6                00154 S220ms
0001F6 0012           00155     Return
0001F8                00156 Retardo_50us    ;145 cycles /////////////////////////////////////////////////
0001F8 0E30           00157         movlw   0x30
0001FA 6E04           00158         movwf   D1
0001FC                00159 Retardo_50us_0
0001FC 2E04           00160         decfsz  D1, f
0001FE EF?? F???      00161         goto    Retardo_50us_0
                      00162                         ;1 cycle
000202 0000           00163         nop
                      00164                         ;4 cycles (including call)
000204 0012           00165         return
                      00210 #INCLUDE<BARRIDO.inc>
                      00001 ;------- Declaracion de variables --------;
                      00002 ;;;;;;;;;;;;;;;;;;;;;;;;;;;;;;;;;;;;;;;;;;;
                      00003         CBLOCK
  00000011            00004         ANTERIOR
                      00005         ENDC
                      00006 ;======================================================================================
000206                00007 BARRIDO
000206 9EF2           00008         BCF             INTCON,GIE
000208 6A0C           00009         CLRF    CAMBIO
                      00010         
                      00011         ;FILA 4 ////////////////////////////////////////////////////////////////
00020A 0EF0           00012         MOVLW 0XF0
00020C 6E8A           00013         MOVWF   LATB
00020E 988A           00014         BCF             LATB,4
                      00015 
000210 B081           00016         BTFSC   PORTB,RB0 ; TECLA 1
000212 EF?? F???      00017         GOTO    NEXT0
000216 800C           00018         BSF     CAMBIO,0
000218 0EFA           00019         MOVLW   0XFA
00021A 6E08           00020         MOVWF   CH
00021C 0E45           00021         MOVLW   0X45 
00021E 6E09           00022         MOVWF   CL
000220 0E31           00023         MOVLW   '1'
000222 6E0B           00024         MOVWF   TEMP
000224 EF?? F???      00025         GOTO    FINBARRIDO
000228                00026 NEXT0
000228 B281           00027         BTFSC   PORTB,RB1 ; TECLA 4
MPASM  5.51                     GENERADOR.ASM   10-26-2022  10:09:19         PAGE  9


LOC  OBJECT CODE     LINE SOURCE TEXT
  VALUE

00022A EF?? F???      00028         GOTO    NEXTGATO
00022E 800C           00029         BSF     CAMBIO,0
000230 0EFE           00030         MOVLW   0XFE
000232 6E08           00031         MOVWF   CH
000234 0EA8           00032         MOVLW   0XA8
000236 6E09           00033         MOVWF   CL
000238 0E34           00034         MOVLW   '4'
00023A 6E0B           00035         MOVWF   TEMP
00023C EF?? F???      00036         GOTO    FINBARRIDO
000240                00037 NEXTGATO
000240 B481           00038         BTFSC   PORTB,RB2 ; TECLA 7
000242 EF?? F???      00039         GOTO    NEXTD
000246 800C           00040         BSF     CAMBIO,0
000248 0EFF           00041         MOVLW   0XFF
00024A 6E08           00042         MOVWF   CH
00024C 0E40           00043         MOVLW   0X40
00024E 6E09           00044         MOVWF   CL
000250 0E37           00045         MOVLW   '7'
000252 6E0B           00046         MOVWF   TEMP
000254 EF?? F???      00047         GOTO    FINBARRIDO
000258                00048 NEXTD   
000258 B681           00049         BTFSC   PORTB,RB3 ; TECLA NO USADA
00025A EF?? F???      00050         GOTO    NEXTF1
00025E 800C           00051         BSF     CAMBIO,0
000260 0E44           00052         MOVLW   'D'
000262 6E0B           00053         MOVWF   TEMP
000264 EF?? F???      00054         GOTO    FINBARRIDO
                      00055 
000268                00056 NEXTF1  ;FILA1 ////////////////////////////////////////////////////////////
000268 888A           00057         BSF             LATB,4
00026A 9E8A           00058         BCF             LATB,7
                      00059 
00026C B081           00060         BTFSC   PORTB,RB0; TECLA A
00026E EF?? F???      00061         GOTO    NEXT2
000272 800C           00062         BSF     CAMBIO,0
000274 0E41           00063         MOVLW   'A'
000276 6E0B           00064         MOVWF   TEMP
000278 800C           00065         BSF     CAMBIO,0
00027A EF?? F???      00066         GOTO    FINBARRIDO
00027E                00067 NEXT2
00027E B281           00068         BTFSC   PORTB,RB1 ; TECLA B
000280 EF?? F???      00069         GOTO    NEXT3
000284 800C           00070         BSF     CAMBIO,0
000286 0E42           00071         MOVLW   'B'
000288 6E0B           00072         MOVWF   TEMP    
00028A EF?? F???      00073         GOTO    FINBARRIDO
00028E                00074 NEXT3
00028E B481           00075         BTFSC   PORTB,RB2 ; TECLA C
000290 EF?? F???      00076         GOTO    NEXTA
000294 800C           00077         BSF     CAMBIO,0
000296 0E30           00078         MOVLW   '0'
000298 6E0B           00079         MOVWF   TEMP    
00029A EF?? F???      00080         GOTO    FINBARRIDO
MPASM  5.51                     GENERADOR.ASM   10-26-2022  10:09:19         PAGE 10


LOC  OBJECT CODE     LINE SOURCE TEXT
  VALUE

00029E                00081 NEXTA
00029E B681           00082         BTFSC   PORTB,RB3 ; TECLA NO USADA
0002A0 EF?? F???      00083         GOTO    NEXTF2
0002A4 800C           00084         BSF     CAMBIO,0
0002A6 0E31           00085         MOVLW   '1'
0002A8 6E0B           00086         MOVWF   TEMP    
0002AA EF?? F???      00087         GOTO    FINBARRIDO
                      00088 
0002AE                00089 NEXTF2  ;FILA 2 ////////////////////////////////////////////////////////////
0002AE 8E8A           00090         BSF             LATB,7
0002B0 9C8A           00091         BCF             LATB,6
                      00092 
0002B2 B081           00093         BTFSC   PORTB,RB0 ; TECLA 3
0002B4 EF?? F???      00094         GOTO    NEXT5
0002B8 800C           00095         BSF     CAMBIO,0
0002BA 0EFE           00096         MOVLW   0XFE
0002BC 6E08           00097         MOVWF   CH
0002BE 0E22           00098         MOVLW   0X22
0002C0 6E09           00099         MOVWF   CL
0002C2 0E33           00100         MOVLW   '3'
0002C4 6E0B           00101         MOVWF   TEMP
0002C6 EF?? F???      00102         GOTO    FINBARRIDO
0002CA                00103 NEXT5
0002CA B281           00104         BTFSC   PORTB,RB1 ; TECLA 6
0002CC EF?? F???      00105         GOTO    NEXT6
0002D0 800C           00106         BSF     CAMBIO,0
0002D2 0EFF           00107         MOVLW   0XFF
0002D4 6E08           00108         MOVWF   CH
0002D6 0E23           00109         MOVLW   0X23
0002D8 6E09           00110         MOVWF   CL
0002DA 0E36           00111         MOVLW   '6'
0002DC 6E0B           00112         MOVWF   TEMP
0002DE EF?? F???      00113         GOTO    FINBARRIDO
0002E2                00114 NEXT6
0002E2 B481           00115         BTFSC   PORTB,RB2 ; TECLA 9
0002E4 EF?? F???      00116         GOTO    NEXTB
0002E8 800C           00117         BSF     CAMBIO,0
0002EA 0EFF           00118         MOVLW   0XFF
0002EC 6E08           00119         MOVWF   CH
0002EE 0E71           00120         MOVLW   0X71
0002F0 6E09           00121         MOVWF   CL
0002F2 0E39           00122         MOVLW   '9'
0002F4 6E0B           00123         MOVWF   TEMP
0002F6 EF?? F???      00124         GOTO    FINBARRIDO
0002FA                00125 NEXTB
0002FA B681           00126         BTFSC   PORTB,RB3 ; TECLA NO USADA
0002FC EF?? F???      00127         GOTO    NEXTF3
000300 800C           00128         BSF     CAMBIO,0
000302 0E42           00129         MOVLW   'B'
000304 6E0B           00130         MOVWF   TEMP    
000306 EF?? F???      00131         GOTO    FINBARRIDO
                      00132 
00030A                00133 NEXTF3  ;FILA 3 ////////////////////////////////////////////////////////////
MPASM  5.51                     GENERADOR.ASM   10-26-2022  10:09:19         PAGE 11


LOC  OBJECT CODE     LINE SOURCE TEXT
  VALUE

00030A 8C8A           00134         BSF             LATB,6
00030C 9A8A           00135         BCF             LATB,5
                      00136 
00030E B081           00137         BTFSC   PORTB,RB0 ; TECLA 2
000310 EF?? F???      00138         GOTO    NEXT8
000314 800C           00139         BSF     CAMBIO,0
000316 0EFD           00140         MOVLW   0XFD
000318 6E08           00141         MOVWF   CH
00031A 0E2F           00142         MOVLW   0X2F
00031C 6E09           00143         MOVWF   CL
00031E 0E32           00144         MOVLW   '2'
000320 6E0B           00145         MOVWF   TEMP
000322 EF?? F???      00146         GOTO    FINBARRIDO
000326                00147 NEXT8           
000326 B281           00148         BTFSC   PORTB,RB1 ; TECLA 5
000328 EF?? F???      00149         GOTO    NEXT9
00032C 800C           00150         BSF     CAMBIO,0
00032E 0EFE           00151         MOVLW   0XFE
000330 6E08           00152         MOVWF   CH
000332 0EED           00153         MOVLW   0XED
000334 6E09           00154         MOVWF   CL
000336 0E35           00155         MOVLW   '5'
000338 6E0B           00156         MOVWF   TEMP
00033A EF?? F???      00157         GOTO    FINBARRIDO
00033E                00158 NEXT9   
00033E B481           00159         BTFSC   PORTB,RB2 ; TECLA 8
000340 EF?? F???      00160         GOTO    NEXTC
000344 800C           00161         BSF     CAMBIO,0
000346 0EFF           00162         MOVLW   0XFF
000348 6E08           00163         MOVWF   CH
00034A 0E5B           00164         MOVLW   0X5B
00034C 6E09           00165         MOVWF   CL
00034E 0E38           00166         MOVLW   '8'
000350 6E0B           00167         MOVWF   TEMP
000352                00168 NEXTC
000352 B681           00169         BTFSC   PORTB,RB3 ; TECLA NO USADA
000354 EF?? F???      00170         GOTO    FINBARRIDO
000358 800C           00171         BSF     CAMBIO,0
00035A 0E43           00172         MOVLW   'C'
00035C 6E0B           00173         MOVWF   TEMP    
00035E EF?? F???      00174         GOTO    FINBARRIDO
000362                00175 FINBARRIDO
000362 500B           00176         MOVF    TEMP,W
000364 6E0D           00177         MOVWF   CARACTER
000366                00178 NEWC;////////////////////////////////////NUEVO CARACTER///////////////////////////////////
Warning[203]: Found opcode in column 1. (CALL)
000366 EC?? F???      00179 CALL    Retardo_20ms
Warning[203]: Found opcode in column 1. (CALL)
00036A EC?? F???      00180 CALL    Retardo_20ms
00036E 6A8A           00181         CLRF    LATB
000370 0012           00182         RETURN
                      00211         END
MPASM  5.51                     GENERADOR.ASM   10-26-2022  10:09:19         PAGE 12


SYMBOL TABLE
  LABEL                             VALUE 

A                                 00000000
ABDEN                             00000000
ABDOVF                            00000007
ACCESS                            00000000
ACKDT                             00000005
ACKEN                             00000004
ACKSTAT                           00000006
ACKTIM                            00000007
ACQT0                             00000003
ACQT1                             00000004
ACQT2                             00000005
ACTCON                            00000FB5
ACTD                              00000006
ACTEN                             00000007
ACTIE                             00000007
ACTIF                             00000007
ACTIP                             00000007
ACTLOCK                           00000003
ACTMD                             00000004
ACTOR                             00000001
ACTORS                            00000001
ACTSEL                            00000007
ACTSRC                            00000004
ACTUD                             00000006
ACTVIE                            00000002
ACTVIF                            00000002
ADCMD                             00000002
ADCON0                            00000FC2
ADCON1                            00000FC1
ADCON2                            00000FC0
ADCS0                             00000000
ADCS1                             00000001
ADCS2                             00000002
ADDEN                             00000003
ADDR0                             00000000
ADDR1                             00000001
ADDR2                             00000002
ADDR3                             00000003
ADDR4                             00000004
ADDR5                             00000005
ADDR6                             00000006
ADEN                              00000003
ADFM                              00000007
ADIE                              00000006
ADIF                              00000006
ADIP                              00000006
ADON                              00000000
ADRESH                            00000FC4
ADRESL                            00000FC3
AHEN                              00000001
AN0                               00000000
AN1                               00000001
AN2                               00000002
MPASM  5.51                     GENERADOR.ASM   10-26-2022  10:09:19         PAGE 13


SYMBOL TABLE
  LABEL                             VALUE 

AN3                               00000003
AN4                               00000005
ANSA0                             00000000
ANSA1                             00000001
ANSA2                             00000002
ANSA3                             00000003
ANSA5                             00000005
ANSB0                             00000000
ANSB1                             00000001
ANSB2                             00000002
ANSB3                             00000003
ANSB4                             00000004
ANSB5                             00000005
ANSC2                             00000002
ANSC6                             00000006
ANSC7                             00000007
ANSD0                             00000000
ANSD1                             00000001
ANSD2                             00000002
ANSD3                             00000003
ANSD4                             00000004
ANSD5                             00000005
ANSD6                             00000006
ANSD7                             00000007
ANSE0                             00000000
ANSE1                             00000001
ANSE2                             00000002
ANSELA                            00000F5B
ANSELB                            00000F5C
ANSELC                            00000F5D
ANSELD                            00000F5E
ANSELE                            00000F5F
ANTERIOR                          00000011
BACKUP                            0000000E
BANKED                            00000001
BARRIDO                           00000206
BAUDCON                           00000FB8
BAUDCON1                          00000FB8
BCL1IE                            00000003
BCL1IF                            00000003
BCL1IP                            00000003
BCLIE                             00000003
BCLIF                             00000003
BCLIP                             00000003
BF                                00000000
BGVST                             00000006
BOEN                              00000004
BOR                               00000000
BRG0                              00000000
BRG1                              00000001
BRG10                             00000002
BRG11                             00000003
BRG12                             00000004
MPASM  5.51                     GENERADOR.ASM   10-26-2022  10:09:19         PAGE 14


SYMBOL TABLE
  LABEL                             VALUE 

BRG13                             00000005
BRG14                             00000006
BRG15                             00000007
BRG16                             00000003
BRG2                              00000002
BRG3                              00000003
BRG4                              00000004
BRG5                              00000005
BRG6                              00000006
BRG7                              00000007
BRG8                              00000000
BRG9                              00000001
BRGH                              00000002
BSR                               00000FE0
BTOEE                             00000004
BTOEF                             00000004
BTSEE                             00000007
BTSEF                             00000007
C                                 00000000
C1CH0                             00000000
C1CH1                             00000001
C1HYS                             00000003
C1IE                              00000006
C1IF                              00000006
C1IP                              00000006
C1OE                              00000005
C1ON                              00000007
C1OUT                             00000006
C1POL                             00000004
C1R                               00000002
C1RSEL                            00000005
C1SP                              00000003
C1SYNC                            00000001
C1TSEL                            00000000
C2CH0                             00000000
C2CH1                             00000001
C2HYS                             00000002
C2IE                              00000005
C2IF                              00000005
C2IP                              00000005
C2OE                              00000005
C2ON                              00000007
C2OUT                             00000006
C2POL                             00000004
C2R                               00000002
C2RSEL                            00000004
C2SP                              00000003
C2SYNC                            00000000
C2TSEL                            00000003
CAMBIO                            0000000C
CARACTER                          0000000D
CCH0                              00000000
CCH1                              00000001
MPASM  5.51                     GENERADOR.ASM   10-26-2022  10:09:19         PAGE 15


SYMBOL TABLE
  LABEL                             VALUE 

CCP1                              00000002
CCP1ASE                           00000007
CCP1CON                           00000FBD
CCP1IE                            00000002
CCP1IF                            00000002
CCP1IP                            00000002
CCP1M0                            00000000
CCP1M1                            00000001
CCP1M2                            00000002
CCP1M3                            00000003
CCP1MD                            00000000
CCP1X                             00000005
CCP1Y                             00000004
CCP2CON                           00000F97
CCP2IE                            00000000
CCP2IF                            00000000
CCP2IP                            00000000
CCP2M0                            00000000
CCP2M1                            00000001
CCP2M2                            00000002
CCP2M3                            00000003
CCP2MD                            00000001
CCP2X                             00000005
CCP2Y                             00000004
CCPR1                             00000FBE
CCPR1H                            00000FBF
CCPR1L                            00000FBE
CCPR2                             00000F90
CCPR2H                            00000F91
CCPR2L                            00000F90
CCPTMRS                           00000F59
CENTENA                           00000001
CFGS                              00000006
CH                                00000008
CK                                00000006
CK1SPP                            00000000
CK2SPP                            00000001
CKE                               00000006
CKP                               00000004
CKTXP                             00000004
CL                                00000009
CM1CON0                           00000F98
CM1IE                             00000006
CM1IF                             00000006
CM1IP                             00000006
CM2CON0                           00000F99
CM2CON1                           00000F9A
CM2IE                             00000005
CM2IF                             00000005
CM2IP                             00000005
CMP1MD                            00000003
CMP2MD                            00000004
COE                               00000005
MPASM  5.51                     GENERADOR.ASM   10-26-2022  10:09:19         PAGE 16


SYMBOL TABLE
  LABEL                             VALUE 

CON                               00000007
COUT1                             00000006
COUT2                             00000006
CPOL                              00000004
CRC16EE                           00000002
CRC16EF                           00000002
CRC5EE                            00000001
CRC5EF                            00000001
CREF                              00000002
CREN                              00000004
CSRC                              00000007
CTMUCON0                          00000F8F
CTMUCON1                          00000F8E
CTMUCONH                          00000F8F
CTMUCONL                          00000F8E
CTMUEN                            00000007
CTMUICON                          00000F88
CTMUIE                            00000003
CTMUIF                            00000003
CTMUIP                            00000003
CTMUMD                            00000005
CTMUSIDL                          00000005
CTTRIG                            00000000
D1                                00000004
D2                                00000005
D3                                00000006
D4                                00000007
DACEN                             00000007
DACLPS                            00000006
DACNSS                            00000000
DACOE                             00000005
DACPSS0                           00000002
DACPSS1                           00000003
DACR0                             00000000
DACR1                             00000001
DACR2                             00000002
DACR3                             00000003
DACR4                             00000004
DATO_LCD                          0000000F
DC                                00000001
DC1B0                             00000004
DC1B1                             00000005
DC2B0                             00000004
DC2B1                             00000005
DDRA                              TRISA
DDRB                              TRISB
DDRC                              TRISC
DDRD                              TRISD
DDRE                              TRISE
DECENA                            00000002
DETECTOR                          0000000A
DFN8EE                            00000003
DFN8EF                            00000003
MPASM  5.51                     GENERADOR.ASM   10-26-2022  10:09:19         PAGE 17


SYMBOL TABLE
  LABEL                             VALUE 

DHEN                              00000000
DIR                               00000002
DISPLAY_ON                        00000138
DONE                              00000001
DTRXP                             00000005
D_NOT_A                           00000005
Delay                             000001B6
ECCP1AS                           00000FB6
ECCP1AS0                          00000004
ECCP1AS1                          00000005
ECCP1AS2                          00000006
ECCP1ASE                          00000007
ECCP1CON                          00000FBD
ECCP1DEL                          00000FB7
ECCP2CON                          00000F97
EDG1POL                           00000004
EDG1SEL0                          00000002
EDG1SEL1                          00000003
EDG1STAT                          00000000
EDG2POL                           00000007
EDG2SEL0                          00000005
EDG2SEL1                          00000006
EDG2STAT                          00000001
EDGEN                             00000003
EDGSEQEN                          00000002
EEADR                             00000FA9
EECON1                            00000FA6
EECON2                            00000FA7
EEDATA                            00000FA8
EEIE                              00000004
EEIF                              00000004
EEIP                              00000004
EEPGD                             00000007
EN                                LATD,4
ENABLE                            0000016A
ENDP0                             00000003
ENDP1                             00000004
ENDP2                             00000005
ENDP3                             00000006
EPCONDIS                          00000003
EPHSHK                            00000004
EPINEN                            00000001
EPOUTEN                           00000002
EPSTALL                           00000000
FAST                              00000001
FERR                              00000002
FINBARRIDO                        00000362
FLTS                              00000002
FREE                              00000004
FRM0                              00000000
FRM1                              00000001
FRM10                             00000002
FRM2                              00000002
MPASM  5.51                     GENERADOR.ASM   10-26-2022  10:09:19         PAGE 18


SYMBOL TABLE
  LABEL                             VALUE 

FRM3                              00000003
FRM4                              00000004
FRM5                              00000005
FRM6                              00000006
FRM7                              00000007
FRM8                              00000000
FRM9                              00000001
FSEN                              00000002
FSR0                              00000000
FSR0H                             00000FEA
FSR0L                             00000FE9
FSR1                              00000001
FSR1H                             00000FE2
FSR1L                             00000FE1
FSR2                              00000002
FSR2H                             00000FDA
FSR2L                             00000FD9
FVREN                             00000007
FVRS0                             00000004
FVRS1                             00000005
FVRST                             00000006
GCEN                              00000007
GENERATOR                         000000B8
GIE                               00000007
GIEH                              00000007
GIEL                              00000006
GIE_GIEH                          00000007
GO                                00000001
GO_NOT_DONE                       00000001
HFIOFR                            00000001
HFIOFS                            00000002
HLVDCON                           00000F9C
HLVDEN                            00000004
HLVDIE                            00000002
HLVDIF                            00000002
HLVDIN                            00000005
HLVDIP                            00000002
HLVDL0                            00000000
HLVDL1                            00000001
HLVDL2                            00000002
HLVDL3                            00000003
IDISSEN                           00000001
IDLEIE                            00000004
IDLEIF                            00000004
IDLEN                             00000007
INDF0                             00000FEF
INDF1                             00000FE7
INDF2                             00000FDF
INT0                              00000000
INT0E                             00000004
INT0F                             00000001
INT0IE                            00000004
INT0IF                            00000001
MPASM  5.51                     GENERADOR.ASM   10-26-2022  10:09:19         PAGE 19


SYMBOL TABLE
  LABEL                             VALUE 

INT1                              00000001
INT1E                             00000003
INT1F                             00000000
INT1IE                            00000003
INT1IF                            00000000
INT1IP                            00000006
INT1P                             00000006
INT2                              00000002
INT2E                             00000004
INT2F                             00000001
INT2IE                            00000004
INT2IF                            00000001
INT2IP                            00000007
INT2P                             00000007
INTCON                            00000FF2
INTCON2                           00000FF1
INTCON3                           00000FF0
INTEDG0                           00000006
INTEDG1                           00000005
INTEDG2                           00000004
INTSRC                            00000005
IOCB                              00000F86
IOCB4                             00000004
IOCB5                             00000005
IOCB6                             00000006
IOCB7                             00000007
IOCC                              00000F87
IOCC0                             00000000
IOCC1                             00000001
IOCC2                             00000002
IOCC4                             00000004
IOCC5                             00000005
IOCC6                             00000006
IOCC7                             00000007
IOCIE                             00000003
IOCIF                             00000000
IOCIP                             00000000
IPEN                              00000007
IPR1                              00000F9F
IPR2                              00000FA2
IPR3                              00000FA5
IRCF0                             00000004
IRCF1                             00000005
IRCF2                             00000006
IRNG0                             00000000
IRNG1                             00000001
IRVST                             00000005
ITRIM0                            00000002
ITRIM1                            00000003
ITRIM2                            00000004
ITRIM3                            00000005
ITRIM4                            00000006
ITRIM5                            00000007
MPASM  5.51                     GENERADOR.ASM   10-26-2022  10:09:19         PAGE 20


SYMBOL TABLE
  LABEL                             VALUE 

LATA                              00000F89
LATA0                             00000000
LATA1                             00000001
LATA2                             00000002
LATA3                             00000003
LATA4                             00000004
LATA5                             00000005
LATA6                             00000006
LATA7                             00000007
LATB                              00000F8A
LATB0                             00000000
LATB1                             00000001
LATB2                             00000002
LATB3                             00000003
LATB4                             00000004
LATB5                             00000005
LATB6                             00000006
LATB7                             00000007
LATC                              00000F8B
LATC0                             00000000
LATC1                             00000001
LATC2                             00000002
LATC4                             00000004
LATC5                             00000005
LATC6                             00000006
LATC7                             00000007
LATD                              00000F8C
LATD0                             00000000
LATD1                             00000001
LATD2                             00000002
LATD3                             00000003
LATD4                             00000004
LATD5                             00000005
LATD6                             00000006
LATD7                             00000007
LATE                              00000F8D
LATE0                             00000000
LATE1                             00000001
LATE2                             00000002
LCD_2LINEAS                       0000013E
LCD_BORRA                         00000132
LCD_CARACTER                      00000174
LCD_COMANDO                       00000158
LCD_CURSORON                      00000126
LCD_DECR                          00000114
LCD_INCR                          0000012C
LCD_LINEA1                        0000011A
LCD_LINEA2                        00000120
LCD_RETURN_HOME                   0000010E
LCD_SAVED                         00000010
LCD_SET                           00000144
LCD_SETUP                         000000CE
LFIOFS                            00000000
MPASM  5.51                     GENERADOR.ASM   10-26-2022  10:09:19         PAGE 21


SYMBOL TABLE
  LABEL                             VALUE 

LOOP                              00000066
LVDIE                             00000002
LVDIF                             00000002
LVDIN                             00000005
LVDIP                             00000002
MC1OUT                            00000007
MC2OUT                            00000006
MILLAR                            00000000
MSSP1MD                           00000006
MSSPMD                            00000006
N                                 00000004
NEWC                              00000366
NEXT0                             00000228
NEXT2                             0000027E
NEXT3                             0000028E
NEXT5                             000002CA
NEXT6                             000002E2
NEXT8                             00000326
NEXT9                             0000033E
NEXTA                             0000029E
NEXTB                             000002FA
NEXTC                             00000352
NEXTD                             00000258
NEXTF1                            00000268
NEXTF2                            000002AE
NEXTF3                            0000030A
NEXTGATO                          00000240
NOT_BOR                           00000000
NOT_DONE                          00000001
NOT_PD                            00000002
NOT_POR                           00000001
NOT_RBPU                          00000007
NOT_RI                            00000004
NOT_T1DONE                        00000003
NOT_T1SYNC                        00000002
NOT_T3DONE                        00000003
NOT_T3SYNC                        00000002
NOT_TO                            00000003
NVCFG0                            00000000
NVCFG1                            00000001
OERR                              00000001
OESPP                             00000002
ON                                00000007
OSC2                              00000006
OSCCON                            00000FD3
OSCCON2                           00000FD2
OSCFIE                            00000007
OSCFIF                            00000007
OSCFIP                            00000007
OSCTUNE                           00000F9B
OSTS                              00000003
OV                                00000003
P                                 00000004
MPASM  5.51                     GENERADOR.ASM   10-26-2022  10:09:19         PAGE 22


SYMBOL TABLE
  LABEL                             VALUE 

P1A                               00000002
P1M0                              00000006
P1M1                              00000007
P1RSEN                            00000007
PC                                00000FF9
PCIE                              00000006
PCL                               00000FF9
PCLATH                            00000FFA
PCLATU                            00000FFB
PD                                00000002
PDC0                              00000000
PDC1                              00000001
PDC2                              00000002
PDC3                              00000003
PDC4                              00000004
PDC5                              00000005
PDC6                              00000006
PEIE                              00000006
PEIE_GIEL                         00000006
PEN                               00000002
PGC                               00000006
PGD                               00000007
PGM                               00000005
PIDEE                             00000000
PIDEF                             00000000
PIE1                              00000F9D
PIE2                              00000FA0
PIE3                              00000FA3
PIR1                              00000F9E
PIR2                              00000FA1
PIR3                              00000FA4
PKTDIS                            00000004
PLLEN                             00000004
PLLRDY                            00000007
PLUSW0                            00000FEB
PLUSW1                            00000FE3
PLUSW2                            00000FDB
PMD0                              00000F7E
PMD1                              00000F7F
POR                               00000001
PORTA                             00000F80
PORTB                             00000F81
PORTC                             00000F82
PORTD                             00000F83
PORTE                             00000F84
POSTDEC0                          00000FED
POSTDEC1                          00000FE5
POSTDEC2                          00000FDD
POSTINC0                          00000FEE
POSTINC1                          00000FE6
POSTINC2                          00000FDE
PPB0                              00000000
PPB1                              00000001
MPASM  5.51                     GENERADOR.ASM   10-26-2022  10:09:19         PAGE 23


SYMBOL TABLE
  LABEL                             VALUE 

PPBI                              00000001
PPBRST                            00000006
PR1SEN                            00000007
PR2                               00000FBB
PREINC0                           00000FEC
PREINC1                           00000FE4
PREINC2                           00000FDC
PRISD                             00000002
PROD                              00000FF3
PRODH                             00000FF4
PRODL                             00000FF3
PSA                               00000003
PSS1AC0                           00000002
PSS1AC1                           00000003
PSS1BD0                           00000000
PSS1BD1                           00000001
PSSAC0                            00000002
PSSAC1                            00000003
PSSBD0                            00000000
PSSBD1                            00000001
PSTR1CON                          00000FB9
PVCFG0                            00000002
PVCFG1                            00000003
PWM1CON                           00000FB7
RA0                               00000000
RA1                               00000001
RA2                               00000002
RA3                               00000003
RA4                               00000004
RA5                               00000005
RA6                               00000006
RA7                               00000007
RB0                               00000000
RB1                               00000001
RB2                               00000002
RB3                               00000003
RB4                               00000004
RB5                               00000005
RB6                               00000006
RB7                               00000007
RBPU                              00000007
RC0                               00000000
RC1                               00000001
RC1IE                             00000005
RC1IF                             00000005
RC1IP                             00000005
RC2                               00000002
RC4                               00000004
RC5                               00000005
RC6                               00000006
RC7                               00000007
RCEN                              00000003
RCIDL                             00000006
MPASM  5.51                     GENERADOR.ASM   10-26-2022  10:09:19         PAGE 24


SYMBOL TABLE
  LABEL                             VALUE 

RCIE                              00000005
RCIF                              00000005
RCIP                              00000005
RCMT                              00000006
RCON                              00000FD0
RCREG                             00000FAE
RCREG1                            00000FAE
RCSTA                             00000FAB
RCSTA1                            00000FAB
RD                                00000000
RD0                               00000000
RD1                               00000001
RD16                              00000001
RD2                               00000002
RD3                               00000003
RD4                               00000004
RD5                               00000005
RD6                               00000006
RD7                               00000007
RE0                               00000000
RE1                               00000001
RE2                               00000002
RE3                               00000003
RESUME                            00000002
RI                                00000004
RS                                LATD,5
RSEN                              00000001
RX                                00000007
RX9                               00000006
RX9D                              00000000
RXDTP                             00000005
R_NOT_W                           00000002
Retardo_20ms                      000001DC
Retardo_20ms_0                    000001E4
Retardo_2ms                       0000019A
Retardo_2ms_0                     000001A2
Retardo_500ms_0                   000001C2
Retardo_50us                      000001F8
Retardo_50us_0                    000001FC
Retardo_5ms                       0000017E
Retardo_5ms_0                     00000186
S                                 00000003
S120ms                            000001EC
S12ms                             000001AA
S1500ms                           000001CA
S15ms                             0000018E
S220ms                            000001F6
S22ms                             000001B4
S2500ms                           000001D0
S25ms                             00000198
S3500ms                           000001DA
SBCDE                             00000002
SBOREN                            00000006
MPASM  5.51                     GENERADOR.ASM   10-26-2022  10:09:19         PAGE 25


SYMBOL TABLE
  LABEL                             VALUE 

SCIE                              00000005
SCKP                              00000004
SCS0                              00000000
SCS1                              00000001
SDAHT                             00000003
SE0                               00000005
SEN                               00000000
SENDB                             00000003
SIDL                              00000005
SLRA                              00000000
SLRB                              00000001
SLRC                              00000002
SLRCON                            00000F7A
SLRD                              00000003
SLRE                              00000004
SMP                               00000007
SOFIE                             00000006
SOFIF                             00000006
SOSCEN                            00000003
SOSCGO                            00000003
SOSCRUN                           00000006
SP0                               00000000
SP1                               00000001
SP2                               00000002
SP3                               00000003
SP4                               00000004
SPBRG                             00000FAF
SPBRG1                            00000FAF
SPBRGH                            00000FB0
SPBRGH1                           00000FB0
SPEN                              00000007
SPLLMULT                          00000007
SPP0                              00000000
SPP1                              00000001
SPP2                              00000002
SPP3                              00000003
SPP4                              00000004
SPP5                              00000005
SPP6                              00000006
SPP7                              00000007
SRCLK0                            00000004
SRCLK1                            00000005
SRCLK2                            00000006
SRCON0                            00000F58
SRCON1                            00000F57
SREN                              00000005
SRLEN                             00000007
SRNQEN                            00000002
SRPR                              00000000
SRPS                              00000001
SRQEN                             00000003
SRRC1E                            00000000
SRRC2E                            00000001
MPASM  5.51                     GENERADOR.ASM   10-26-2022  10:09:19         PAGE 26


SYMBOL TABLE
  LABEL                             VALUE 

SRRCKE                            00000002
SRRPE                             00000003
SRSC1E                            00000004
SRSC2E                            00000005
SRSCKE                            00000006
SRSPE                             00000007
SSP1ADD                           00000FC8
SSP1ADD0                          00000000
SSP1ADD1                          00000001
SSP1ADD2                          00000002
SSP1ADD3                          00000003
SSP1ADD4                          00000004
SSP1ADD5                          00000005
SSP1ADD6                          00000006
SSP1ADD7                          00000007
SSP1BUF                           00000FC9
SSP1CON                           00000FC6
SSP1CON1                          00000FC6
SSP1CON2                          00000FC5
SSP1CON3                          00000FCB
SSP1IE                            00000003
SSP1IF                            00000003
SSP1IP                            00000003
SSP1MD                            00000006
SSP1MSK                           00000FCA
SSP1MSK0                          00000000
SSP1MSK1                          00000001
SSP1MSK2                          00000002
SSP1MSK3                          00000003
SSP1MSK4                          00000004
SSP1MSK5                          00000005
SSP1MSK6                          00000006
SSP1MSK7                          00000007
SSP1STAT                          00000FC7
SSPADD                            00000FC8
SSPBUF                            00000FC9
SSPCON                            00000FC6
SSPCON2                           00000FC5
SSPCON3                           00000FCB
SSPEN                             00000005
SSPIE                             00000003
SSPIF                             00000003
SSPIP                             00000003
SSPM0                             00000000
SSPM1                             00000001
SSPM2                             00000002
SSPM3                             00000003
SSPMSK                            00000FCA
SSPOV                             00000006
SSPSTAT                           00000FC7
STALLIE                           00000005
STALLIF                           00000005
STATUS                            00000FD8
MPASM  5.51                     GENERADOR.ASM   10-26-2022  10:09:19         PAGE 27


SYMBOL TABLE
  LABEL                             VALUE 

STCON                             00000FB5
STEN                              00000007
STIE                              00000007
STIF                              00000007
STIP                              00000007
STKFUL                            00000007
STKOVF                            00000007
STKPTR                            00000FFC
STKUNF                            00000006
STLOCK                            00000003
STMD                              00000004
STOR                              00000001
STR1A                             00000000
STR1B                             00000001
STR1C                             00000002
STR1D                             00000003
STR1SYNC                          00000004
STRA                              00000000
STRB                              00000001
STRC                              00000002
STRD                              00000003
STRSYNC                           00000004
STSRC                             00000004
STUD                              00000006
SUSPND                            00000001
SWDTE                             00000000
SWDTEN                            00000000
SYNC                              00000004
T08BIT                            00000006
T0CKI                             00000004
T0CON                             00000FD5
T0CS                              00000005
T0IE                              00000005
T0IF                              00000002
T0IP                              00000002
T0PS0                             00000000
T0PS1                             00000001
T0PS2                             00000002
T0SE                              00000004
T13CKI                            00000000
T1CKPS0                           00000004
T1CKPS1                           00000005
T1CON                             00000FCD
T1DONE                            00000003
T1GCON                            00000FCC
T1GGO                             00000003
T1GGO_NOT_DONE                    00000003
T1GGO_NOT_T1DONE                  00000003
T1GPOL                            00000006
T1GSPM                            00000004
T1GSS0                            00000000
T1GSS1                            00000001
T1GTM                             00000005
MPASM  5.51                     GENERADOR.ASM   10-26-2022  10:09:19         PAGE 28


SYMBOL TABLE
  LABEL                             VALUE 

T1GVAL                            00000002
T1OSCEN                           00000003
T1OSI                             00000001
T1OSO                             00000000
T1RD16                            00000001
T1SOSCEN                          00000003
T1SYNC                            00000002
T2CKPS0                           00000000
T2CKPS1                           00000001
T2CON                             00000FBA
T2OUTPS0                          00000003
T2OUTPS1                          00000004
T2OUTPS2                          00000005
T2OUTPS3                          00000006
T3CKPS0                           00000004
T3CKPS1                           00000005
T3CON                             00000FB1
T3DONE                            00000003
T3GCON                            00000FB4
T3GGO                             00000003
T3GGO_NOT_DONE                    00000003
T3GGO_NOT_T3DONE                  00000003
T3GPOL                            00000006
T3GSPM                            00000004
T3GSS0                            00000000
T3GSS1                            00000001
T3GTM                             00000005
T3GVAL                            00000002
T3OSCEN                           00000003
T3RD16                            00000001
T3SOSCEN                          00000003
T3SYNC                            00000002
TABLAT                            00000FF5
TBLPTR                            00000FF6
TBLPTRH                           00000FF7
TBLPTRL                           00000FF6
TBLPTRU                           00000FF8
TEMP                              0000000B
TGEN                              00000004
TMR0                              00000FD6
TMR0H                             00000FD7
TMR0IE                            00000005
TMR0IF                            00000002
TMR0IP                            00000002
TMR0L                             00000FD6
TMR0ON                            00000007
TMR1                              00000FCE
TMR1CS0                           00000006
TMR1CS1                           00000007
TMR1GE                            00000007
TMR1GIE                           00000000
TMR1GIF                           00000000
TMR1GIP                           00000000
MPASM  5.51                     GENERADOR.ASM   10-26-2022  10:09:19         PAGE 29


SYMBOL TABLE
  LABEL                             VALUE 

TMR1H                             00000FCF
TMR1IE                            00000000
TMR1IF                            00000000
TMR1IP                            00000000
TMR1L                             00000FCE
TMR1MD                            00000000
TMR1ON                            00000000
TMR2                              00000FBC
TMR2IE                            00000001
TMR2IF                            00000001
TMR2IP                            00000001
TMR2MD                            00000001
TMR2ON                            00000002
TMR3                              00000FB2
TMR3CS0                           00000006
TMR3CS1                           00000007
TMR3GE                            00000007
TMR3GIE                           00000001
TMR3GIF                           00000001
TMR3GIP                           00000001
TMR3H                             00000FB3
TMR3IE                            00000001
TMR3IF                            00000001
TMR3IP                            00000001
TMR3L                             00000FB2
TMR3MD                            00000002
TMR3ON                            00000000
TO                                00000003
TOS                               00000FFD
TOSH                              00000FFE
TOSL                              00000FFD
TOSU                              00000FFF
TRIGEN                            00000000
TRIGSEL                           00000007
TRISA                             00000F92
TRISA0                            00000000
TRISA1                            00000001
TRISA2                            00000002
TRISA3                            00000003
TRISA4                            00000004
TRISA5                            00000005
TRISA6                            00000006
TRISA7                            00000007
TRISB                             00000F93
TRISB0                            00000000
TRISB1                            00000001
TRISB2                            00000002
TRISB3                            00000003
TRISB4                            00000004
TRISB5                            00000005
TRISB6                            00000006
TRISB7                            00000007
TRISC                             00000F94
MPASM  5.51                     GENERADOR.ASM   10-26-2022  10:09:19         PAGE 30


SYMBOL TABLE
  LABEL                             VALUE 

TRISC0                            00000000
TRISC1                            00000001
TRISC2                            00000002
TRISC4                            00000004
TRISC5                            00000005
TRISC6                            00000006
TRISC7                            00000007
TRISD                             00000F95
TRISD0                            00000000
TRISD1                            00000001
TRISD2                            00000002
TRISD3                            00000003
TRISD4                            00000004
TRISD5                            00000005
TRISD6                            00000006
TRISD7                            00000007
TRISE                             00000F96
TRISE0                            00000000
TRISE1                            00000001
TRISE2                            00000002
TRMT                              00000001
TRNIE                             00000003
TRNIF                             00000003
TSEN                              00000003
TSRNG                             00000002
TUN0                              00000000
TUN1                              00000001
TUN2                              00000002
TUN3                              00000003
TUN4                              00000004
TUN5                              00000005
TUN6                              00000006
TX                                00000006
TX1IE                             00000004
TX1IF                             00000004
TX1IP                             00000004
TX9                               00000006
TX9D                              00000000
TXCKP                             00000004
TXEN                              00000005
TXIE                              00000004
TXIF                              00000004
TXIP                              00000004
TXREG                             00000FAD
TXREG1                            00000FAD
TXSTA                             00000FAC
TXSTA1                            00000FAC
TXT_LCD                           0000006C
UA                                00000001
UADDR                             00000F63
UART1MD                           00000006
UARTMD                            00000006
UCFG                              00000F62
MPASM  5.51                     GENERADOR.ASM   10-26-2022  10:09:19         PAGE 31


SYMBOL TABLE
  LABEL                             VALUE 

UCON                              00000F60
UEIE                              00000F66
UEIR                              00000F67
UEP0                              00000F6A
UEP1                              00000F6B
UEP10                             00000F74
UEP11                             00000F75
UEP12                             00000F76
UEP13                             00000F77
UEP14                             00000F78
UEP15                             00000F79
UEP2                              00000F6C
UEP3                              00000F6D
UEP4                              00000F6E
UEP5                              00000F6F
UEP6                              00000F70
UEP7                              00000F71
UEP8                              00000F72
UEP9                              00000F73
UERRIE                            00000001
UERRIF                            00000001
UFRM                              00000F68
UFRMH                             00000F69
UFRML                             00000F68
UIE                               00000F64
UIR                               00000F65
UNIDAD                            00000003
UOEMON                            00000006
UPUEN                             00000004
URSTIE                            00000000
URSTIF                            00000000
USBEN                             00000003
USBIE                             00000002
USBIF                             00000002
USBIP                             00000002
USBMD                             00000005
USTAT                             00000F61
UTEYE                             00000007
UTRDIS                            00000003
VDIRMAG                           00000007
VREFCON0                          00000F7D
VREFCON1                          00000F7C
VREFCON2                          00000F7B
VREFM                             00000002
VREFP                             00000003
VREGCON                           00000F5A
W                                 00000000
WCOL                              00000007
WDTCON                            00000FD1
WPUB                              00000F85
WPUB0                             00000000
WPUB1                             00000001
WPUB2                             00000002
MPASM  5.51                     GENERADOR.ASM   10-26-2022  10:09:19         PAGE 32


SYMBOL TABLE
  LABEL                             VALUE 

WPUB3                             00000003
WPUB4                             00000004
WPUB5                             00000005
WPUB6                             00000006
WPUB7                             00000007
WPUE3                             00000007
WR                                00000001
WREG                              00000FE8
WREN                              00000002
WRERR                             00000003
WUE                               00000001
Z                                 00000002
_BOREN_NOSLP_2L                   000000FD
_BOREN_OFF_2L                     000000F9
_BOREN_ON_2L                      000000FB
_BOREN_SBORDIS_2L                 000000FF
_BORV_190_2L                      000000FF
_BORV_220_2L                      000000F7
_BORV_250_2L                      000000EF
_BORV_285_2L                      000000E7
_CCP2MX_RB3_3H                    000000FE
_CCP2MX_RC1_3H                    000000FF
_CFGPLLEN_OFF_1L                  000000FD
_CFGPLLEN_ON_1L                   000000FF
_CONFIG1H                         00300001
_CONFIG1L                         00300000
_CONFIG2H                         00300003
_CONFIG2L                         00300002
_CONFIG3H                         00300005
_CONFIG4L                         00300006
_CONFIG5H                         00300009
_CONFIG5L                         00300008
_CONFIG6H                         0030000B
_CONFIG6L                         0030000A
_CONFIG7H                         0030000D
_CONFIG7L                         0030000C
_CP0_OFF_5L                       000000FF
_CP0_ON_5L                        000000FE
_CP1_OFF_5L                       000000FF
_CP1_ON_5L                        000000FD
_CP2_OFF_5L                       000000FF
_CP2_ON_5L                        000000FB
_CP3_OFF_5L                       000000FF
_CP3_ON_5L                        000000F7
_CPB_OFF_5H                       000000FF
_CPB_ON_5H                        000000BF
_CPD_OFF_5H                       000000FF
_CPD_ON_5H                        0000007F
_CPUDIV_CLKDIV2_1L                000000EF
_CPUDIV_CLKDIV3_1L                000000F7
_CPUDIV_CLKDIV6_1L                000000FF
_CPUDIV_NOCLKDIV_1L               000000E7
_DEBUG_OFF_4L                     000000FF
MPASM  5.51                     GENERADOR.ASM   10-26-2022  10:09:19         PAGE 33


SYMBOL TABLE
  LABEL                             VALUE 

_DEBUG_ON_4L                      0000007F
_DEVID1                           003FFFFE
_DEVID2                           003FFFFF
_EBTR0_OFF_7L                     000000FF
_EBTR0_ON_7L                      000000FE
_EBTR1_OFF_7L                     000000FF
_EBTR1_ON_7L                      000000FD
_EBTR2_OFF_7L                     000000FF
_EBTR2_ON_7L                      000000FB
_EBTR3_OFF_7L                     000000FF
_EBTR3_ON_7L                      000000F7
_EBTRB_OFF_7H                     000000FF
_EBTRB_ON_7H                      000000BF
_FCMEN_OFF_1H                     000000BF
_FCMEN_ON_1H                      000000FF
_FOSC_ECHCLKO_1H                  000000F4
_FOSC_ECHIO_1H                    000000F5
_FOSC_ECLCLKO_1H                  000000FC
_FOSC_ECLIO_1H                    000000FD
_FOSC_ECMCLKO_1H                  000000FA
_FOSC_ECMIO_1H                    000000FB
_FOSC_HSH_1H                      000000F2
_FOSC_HSM_1H                      000000F3
_FOSC_INTOSCCLKO_1H               000000F9
_FOSC_INTOSCIO_1H                 000000F8
_FOSC_LP_1H                       000000F0
_FOSC_RCCLKO_1H                   000000F6
_FOSC_RCIO_1H                     000000F7
_FOSC_XT_1H                       000000F1
_ICPRT_OFF_4L                     000000DF
_ICPRT_ON_4L                      000000FF
_IDLOC0                           00200000
_IDLOC1                           00200001
_IDLOC2                           00200002
_IDLOC3                           00200003
_IDLOC4                           00200004
_IDLOC5                           00200005
_IDLOC6                           00200006
_IDLOC7                           00200007
_IESO_OFF_1H                      0000007F
_IESO_ON_1H                       000000FF
_LS48MHZ_SYS24X4_1L               000000DF
_LS48MHZ_SYS48X8_1L               000000FF
_LVP_OFF_4L                       000000FB
_LVP_ON_4L                        000000FF
_MCLRE_OFF_3H                     0000007F
_MCLRE_ON_3H                      000000FF
_PBADEN_OFF_3H                    000000FD
_PBADEN_ON_3H                     000000FF
_PCLKEN_OFF_1H                    000000DF
_PCLKEN_ON_1H                     000000FF
_PLLSEL_PLL3X_1L                  000000FF
_PLLSEL_PLL4X_1L                  000000FE
MPASM  5.51                     GENERADOR.ASM   10-26-2022  10:09:19         PAGE 34


SYMBOL TABLE
  LABEL                             VALUE 

_SDOMX_RB3_3H                     000000FF
_SDOMX_RC7_3H                     000000BF
_STVREN_OFF_4L                    000000FE
_STVREN_ON_4L                     000000FF
_T3CMX_RB5_3H                     000000EF
_T3CMX_RC0_3H                     000000FF
_WDTEN_NOSLP_2H                   000000FD
_WDTEN_OFF_2H                     000000FC
_WDTEN_ON_2H                      000000FF
_WDTEN_SWON_2H                    000000FE
_WDTPS_1024_2H                    000000EB
_WDTPS_128_2H                     000000DF
_WDTPS_16384_2H                   000000FB
_WDTPS_16_2H                      000000D3
_WDTPS_1_2H                       000000C3
_WDTPS_2048_2H                    000000EF
_WDTPS_256_2H                     000000E3
_WDTPS_2_2H                       000000C7
_WDTPS_32768_2H                   000000FF
_WDTPS_32_2H                      000000D7
_WDTPS_4096_2H                    000000F3
_WDTPS_4_2H                       000000CB
_WDTPS_512_2H                     000000E7
_WDTPS_64_2H                      000000DB
_WDTPS_8192_2H                    000000F7
_WDTPS_8_2H                       000000CF
_WRT0_OFF_6L                      000000FF
_WRT0_ON_6L                       000000FE
_WRT1_OFF_6L                      000000FF
_WRT1_ON_6L                       000000FD
_WRT2_OFF_6L                      000000FF
_WRT2_ON_6L                       000000FB
_WRT3_OFF_6L                      000000FF
_WRT3_ON_6L                       000000F7
_WRTB_OFF_6H                      000000FF
_WRTB_ON_6H                       000000BF
_WRTC_OFF_6H                      000000FF
_WRTC_ON_6H                       000000DF
_WRTD_OFF_6H                      000000FF
_WRTD_ON_6H                       0000007F
_XINST_OFF_4L                     000000BF
_XINST_ON_4L                      000000FF
__18F45K50                        00000001
__DEBUG                           1
_nLPBOR_OFF_2L                    000000FF
_nLPBOR_ON_2L                     000000BF
_nPWRTEN_OFF_2L                   000000FF
_nPWRTEN_ON_2L                    000000FE
start                             00000022

MPASM  5.51                     GENERADOR.ASM   10-26-2022  10:09:19         PAGE 35





Errors   :     0
Warnings :     3 reported,     0 suppressed
Messages :     0 reported,     0 suppressed

